Using pre-set license
Built from '2020.3/staging' branch; Version is '2020.3.26f1 (7298b473bc1a) revision 7510196'; Using compiler version '192528614'; Build Type 'Release'
OS: 'Windows 10  (10.0.19044) 64bit Core' Language: 'ru' Physical Memory: 3943 MB
BatchMode: 1, IsHumanControllingUs: 0, StartBugReporterOnCrash: 0, Is64bit: 1, IsPro: 0

COMMAND LINE ARGUMENTS:
C:\Program Files\Unity\Hub\Editor\2020.3.26f1\Editor\Unity.exe
-adb2
-batchMode
-noUpm
-name
AssetImportWorker0
-projectPath
C:/Users/User/Documents/GitHub/ShootEm-Branch4
-logFile
Logs/AssetImportWorker0.log
-srvPort
56859
Successfully changed project path to: C:/Users/User/Documents/GitHub/ShootEm-Branch4
C:/Users/User/Documents/GitHub/ShootEm-Branch4
Using Asset Import Pipeline V2.
Refreshing native plugins compatible for Editor in 315.33 ms, found 2 plugins.
Preloading 0 native plugins for Editor in 0.00 ms.
Initialize engine version: 2020.3.26f1 (7298b473bc1a)
[Subsystems] Discovering subsystems at path C:/Program Files/Unity/Hub/Editor/2020.3.26f1/Editor/Data/Resources/UnitySubsystems
[Subsystems] Discovering subsystems at path C:/Users/User/Documents/GitHub/ShootEm-Branch4/Assets
GfxDevice: creating device client; threaded=0
Direct3D:
    Version:  Direct3D 11.0 [level 11.0]
    Renderer: Intel(R) HD Graphics (ID=0x156)
    Vendor:   
    VRAM:     128 MB
    Driver:   10.18.10.4252
Initialize mono
Mono path[0] = 'C:/Program Files/Unity/Hub/Editor/2020.3.26f1/Editor/Data/Managed'
Mono path[1] = 'C:/Program Files/Unity/Hub/Editor/2020.3.26f1/Editor/Data/MonoBleedingEdge/lib/mono/unityjit'
Mono config path = 'C:/Program Files/Unity/Hub/Editor/2020.3.26f1/Editor/Data/MonoBleedingEdge/etc'
Using monoOptions --debugger-agent=transport=dt_socket,embedding=1,server=y,suspend=n,address=127.0.0.1:56176
Begin MonoManager ReloadAssembly
Registering precompiled unity dll's ...
Register platform support module: C:/Program Files/Unity/Hub/Editor/2020.3.26f1/Editor/Data/PlaybackEngines/WebGLSupport/UnityEditor.WebGL.Extensions.dll
Register platform support module: C:/Program Files/Unity/Hub/Editor/2020.3.26f1/Editor/Data/PlaybackEngines/WindowsStandaloneSupport/UnityEditor.WindowsStandalone.Extensions.dll
Registered in 0.004439 seconds.
Native extension for WindowsStandalone target not found
Native extension for WebGL target not found
Refreshing native plugins compatible for Editor in 479.32 ms, found 2 plugins.
Preloading 0 native plugins for Editor in 0.00 ms.
Mono: successfully reloaded assembly
- Completed reload, in  2.200 seconds
Domain Reload Profiling:
	ReloadAssembly (2201ms)
		BeginReloadAssembly (142ms)
			ExecutionOrderSort (0ms)
			DisableScriptedObjects (0ms)
			BackupInstance (0ms)
			ReleaseScriptingObjects (0ms)
			CreateAndSetChildDomain (2ms)
		EndReloadAssembly (1858ms)
			LoadAssemblies (137ms)
			RebuildTransferFunctionScriptingTraits (0ms)
			SetupTypeCache (449ms)
			ReleaseScriptCaches (0ms)
			RebuildScriptCaches (119ms)
			SetupLoadedEditorAssemblies (899ms)
				LogAssemblyErrors (0ms)
				InitializePlatformSupportModulesInManaged (14ms)
				SetLoadedEditorAssemblies (0ms)
				RefreshPlugins (479ms)
				BeforeProcessingInitializeOnLoad (49ms)
				ProcessInitializeOnLoadAttributes (255ms)
				ProcessInitializeOnLoadMethodAttributes (98ms)
				AfterProcessingInitializeOnLoad (0ms)
				EditorAssembliesLoaded (2ms)
			ExecutionOrderSort2 (0ms)
			AwakeInstancesAfterBackupRestoration (0ms)
Platform modules already initialized, skipping
Registering precompiled user dll's ...
Registered in 0.012479 seconds.
Begin MonoManager ReloadAssembly
Native extension for WindowsStandalone target not found
Native extension for WebGL target not found
Refreshing native plugins compatible for Editor in 284.39 ms, found 2 plugins.
Preloading 0 native plugins for Editor in 0.00 ms.
Mono: successfully reloaded assembly
- Completed reload, in  4.543 seconds
Domain Reload Profiling:
	ReloadAssembly (4546ms)
		BeginReloadAssembly (395ms)
			ExecutionOrderSort (0ms)
			DisableScriptedObjects (13ms)
			BackupInstance (0ms)
			ReleaseScriptingObjects (1ms)
			CreateAndSetChildDomain (49ms)
		EndReloadAssembly (3920ms)
			LoadAssemblies (305ms)
			RebuildTransferFunctionScriptingTraits (1ms)
			SetupTypeCache (1428ms)
			ReleaseScriptCaches (1ms)
			RebuildScriptCaches (199ms)
			SetupLoadedEditorAssemblies (1551ms)
				LogAssemblyErrors (0ms)
				InitializePlatformSupportModulesInManaged (15ms)
				SetLoadedEditorAssemblies (1ms)
				RefreshPlugins (285ms)
				BeforeProcessingInitializeOnLoad (341ms)
				ProcessInitializeOnLoadAttributes (781ms)
				ProcessInitializeOnLoadMethodAttributes (116ms)
				AfterProcessingInitializeOnLoad (12ms)
				EditorAssembliesLoaded (0ms)
			ExecutionOrderSort2 (0ms)
			AwakeInstancesAfterBackupRestoration (17ms)
Platform modules already initialized, skipping
========================================================================
Worker process is ready to serve import requests
Launched and connected shader compiler UnityShaderCompiler.exe after 0.08 seconds
Refreshing native plugins compatible for Editor in 73.98 ms, found 2 plugins.
Preloading 0 native plugins for Editor in 0.00 ms.
Unloading 4058 Unused Serialized files (Serialized files now loaded: 0)
System memory in use before: 240.9 MB.
System memory in use after: 241.1 MB.

Unloading 57 unused Assets to reduce memory usage. Loaded Objects now: 4477.
Total: 26.006600 ms (FindLiveObjects: 1.215400 ms CreateObjectMapping: 0.957200 ms MarkObjects: 23.540000 ms  DeleteObjects: 0.288500 ms)

AssetImportParameters requested are different than current active one (requested -> active):
  custom:framework-win-MediaFoundation: 216162199b28c13a410421893ffa2e32 -> 
  custom:video-decoder-ogg-theora: a1e56fd34408186e4bbccfd4996cb3dc -> 
  custom:container-muxer-webm: aa71ff27fc2769a1b78a27578f13a17b -> 
  custom:container-demuxer-webm: 4f35f7cbe854078d1ac9338744f61a02 -> 
  custom:container-demuxer-ogg: 62fdf1f143b41e24485cea50d1cbac27 -> 
  custom:video-encoder-webm-vp8: eb34c28f22e8b96e1ab97ce403110664 -> 
  custom:video-decoder-webm-vp8: 9c59270c3fd7afecdb556c50c9e8de78 -> 
  custom:audio-decoder-ogg-vorbis: bf7c407c2cedff20999df2af8eb42d56 -> 
  custom:audio-encoder-webm-vorbis: bf7c407c2cedff20999df2af8eb42d56 -> 
========================================================================
Received Import Request.
  path: Assets/Prefabs/Sweet.prefab
  artifactKey: Guid(b0300ac75ac1e914dbb3b0683e421742) Importer(815301076,1909f56bfc062723c751e8b465ee728b)
Start importing Assets/Prefabs/Sweet.prefab using Guid(b0300ac75ac1e914dbb3b0683e421742) Importer(815301076,1909f56bfc062723c751e8b465ee728b)  -> (artifact id: '47d2d1d096eaa1c6110735040346b484') in 1.816347 seconds 
  Import took 1.850650 seconds .

========================================================================
Received Import Request.
  Time since last request: 0.000401 seconds.
  path: Assets/Prefabs/Janitor.prefab
  artifactKey: Guid(df885e6b9208d2b4a827f5002dda1fc5) Importer(815301076,1909f56bfc062723c751e8b465ee728b)
Start importing Assets/Prefabs/Janitor.prefab using Guid(df885e6b9208d2b4a827f5002dda1fc5) Importer(815301076,1909f56bfc062723c751e8b465ee728b)  -> (artifact id: '123cdffb50e5876eceb00180ca5b93f0') in 0.276347 seconds 
  Import took 0.403629 seconds .

========================================================================
Received Import Request.
  Time since last request: 0.000126 seconds.
  path: Assets/Prefabs/Sand.prefab
  artifactKey: Guid(3c46670b09691a0478f648ad8f1928a0) Importer(815301076,1909f56bfc062723c751e8b465ee728b)
Start importing Assets/Prefabs/Sand.prefab using Guid(3c46670b09691a0478f648ad8f1928a0) Importer(815301076,1909f56bfc062723c751e8b465ee728b)  -> (artifact id: '3471fb5090bba647b611d43b35ea6797') in 0.143139 seconds 
  Import took 0.210036 seconds .

========================================================================
Received Import Request.
  Time since last request: 0.000591 seconds.
  path: Assets/Prefabs/SnowBalls.prefab
  artifactKey: Guid(c586729ae67a9d94a8969dc4fa4b142e) Importer(815301076,1909f56bfc062723c751e8b465ee728b)
Start importing Assets/Prefabs/SnowBalls.prefab using Guid(c586729ae67a9d94a8969dc4fa4b142e) Importer(815301076,1909f56bfc062723c751e8b465ee728b)  -> (artifact id: '4fa479beaad7d9e620afca94b97dd250') in 0.160107 seconds 
  Import took 0.196405 seconds .

========================================================================
Received Import Request.
  Time since last request: 0.000235 seconds.
  path: Assets/Prefabs/AidKit.prefab
  artifactKey: Guid(5a78ee7940f9ee44aad6152ddf4a352d) Importer(815301076,1909f56bfc062723c751e8b465ee728b)
Start importing Assets/Prefabs/AidKit.prefab using Guid(5a78ee7940f9ee44aad6152ddf4a352d) Importer(815301076,1909f56bfc062723c751e8b465ee728b)  -> (artifact id: '05282cbcecf9d27bda07064c308a4b29') in 0.148227 seconds 
  Import took 0.172015 seconds .

========================================================================
Received Prepare
Refreshing native plugins compatible for Editor in 440.41 ms, found 2 plugins.
Preloading 0 native plugins for Editor in 0.00 ms.
Unloading 49 Unused Serialized files (Serialized files now loaded: 0)
System memory in use before: 172.1 MB.
System memory in use after: 172.3 MB.

Unloading 51 unused Assets to reduce memory usage. Loaded Objects now: 4486.
Total: 19.232900 ms (FindLiveObjects: 1.880000 ms CreateObjectMapping: 0.631700 ms MarkObjects: 16.447500 ms  DeleteObjects: 0.270600 ms)

AssetImportParameters requested are different than current active one (requested -> active):
  custom:framework-win-MediaFoundation: 216162199b28c13a410421893ffa2e32 -> 
  custom:video-decoder-ogg-theora: a1e56fd34408186e4bbccfd4996cb3dc -> 
  custom:container-muxer-webm: aa71ff27fc2769a1b78a27578f13a17b -> 
  custom:container-demuxer-webm: 4f35f7cbe854078d1ac9338744f61a02 -> 
  custom:container-demuxer-ogg: 62fdf1f143b41e24485cea50d1cbac27 -> 
  custom:video-encoder-webm-vp8: eb34c28f22e8b96e1ab97ce403110664 -> 
  custom:video-decoder-webm-vp8: 9c59270c3fd7afecdb556c50c9e8de78 -> 
  custom:audio-decoder-ogg-vorbis: bf7c407c2cedff20999df2af8eb42d56 -> 
  custom:audio-encoder-webm-vorbis: bf7c407c2cedff20999df2af8eb42d56 -> 
========================================================================
Received Import Request.
  Time since last request: 527.185506 seconds.
  path: Assets
  artifactKey: Guid(00000000000000001000000000000000) Importer(815301076,1909f56bfc062723c751e8b465ee728b)
Start importing Assets using Guid(00000000000000001000000000000000) Importer(815301076,1909f56bfc062723c751e8b465ee728b)  -> (artifact id: '42d402b061de3733987d63b9cc3b64de') in 0.003329 seconds 
  Import took 0.077775 seconds .

========================================================================
Received Import Request.
  Time since last request: 28.577842 seconds.
  path: Assets/URP.asset
  artifactKey: Guid(2b63ee45478f2e6418fe1a37e980959b) Importer(815301076,1909f56bfc062723c751e8b465ee728b)
Start importing Assets/URP.asset using Guid(2b63ee45478f2e6418fe1a37e980959b) Importer(815301076,1909f56bfc062723c751e8b465ee728b)  -> (artifact id: 'efb63e627ece10fbe9fadf04f55b43e0') in 0.850758 seconds 
  Import took 0.893137 seconds .

========================================================================
Received Import Request.
  Time since last request: 0.000372 seconds.
  path: Assets/URP_Renderer.asset
  artifactKey: Guid(ff8d299e976f40a4eb08d494c9cd74a8) Importer(815301076,1909f56bfc062723c751e8b465ee728b)
Start importing Assets/URP_Renderer.asset using Guid(ff8d299e976f40a4eb08d494c9cd74a8) Importer(815301076,1909f56bfc062723c751e8b465ee728b)  -> (artifact id: '1b8bc6ef411a4305aeaf20f00c58156d') in 0.089875 seconds 
  Import took 0.133355 seconds .

========================================================================
Received Import Request.
  Time since last request: 191.455816 seconds.
  path: Assets/Textures/UI/GUI Interface Kit Free/PNG/GUI-Kit-Pack-Free_20.png
  artifactKey: Guid(47e656f0d2677d94abc4fd8fb226330b) Importer(815301076,1909f56bfc062723c751e8b465ee728b)
Start importing Assets/Textures/UI/GUI Interface Kit Free/PNG/GUI-Kit-Pack-Free_20.png using Guid(47e656f0d2677d94abc4fd8fb226330b) Importer(815301076,1909f56bfc062723c751e8b465ee728b)  -> (artifact id: '80522e9b01334152330da307a385c794') in 0.427702 seconds 
  Import took 0.520839 seconds .

========================================================================
Received Import Request.
  Time since last request: 0.000593 seconds.
  path: Assets/Textures/UI/GUI Interface Kit Free/PNG/GUI-Kit-Pack-Free_24.png
  artifactKey: Guid(7262dcf098b93e749991b45c677283c2) Importer(815301076,1909f56bfc062723c751e8b465ee728b)
Start importing Assets/Textures/UI/GUI Interface Kit Free/PNG/GUI-Kit-Pack-Free_24.png using Guid(7262dcf098b93e749991b45c677283c2) Importer(815301076,1909f56bfc062723c751e8b465ee728b)  -> (artifact id: '9bf2c0cbd45393d507cb8ea2e91ad3ce') in 0.151307 seconds 
  Import took 0.266683 seconds .

========================================================================
Received Import Request.
  Time since last request: 0.001279 seconds.
  path: Assets/Textures/UI/GUI Interface Kit Free/PNG/GUI-Kit-Pack-Free_35.png
  artifactKey: Guid(2d27f59b37b4bc74e82bfd77292474f5) Importer(815301076,1909f56bfc062723c751e8b465ee728b)
Start importing Assets/Textures/UI/GUI Interface Kit Free/PNG/GUI-Kit-Pack-Free_35.png using Guid(2d27f59b37b4bc74e82bfd77292474f5) Importer(815301076,1909f56bfc062723c751e8b465ee728b)  -> (artifact id: 'd5a65f47ada9e55679a02a201f6ebfd9') in 0.357467 seconds 
  Import took 0.418678 seconds .

========================================================================
Received Import Request.
  Time since last request: 0.000445 seconds.
  path: Assets/Textures/UI/GUI Interface Kit Free/PNG/GUI-Kit-Pack-Free_41.png
  artifactKey: Guid(ef551d3d301ad3d4eb527c252d775dfa) Importer(815301076,1909f56bfc062723c751e8b465ee728b)
Start importing Assets/Textures/UI/GUI Interface Kit Free/PNG/GUI-Kit-Pack-Free_41.png using Guid(ef551d3d301ad3d4eb527c252d775dfa) Importer(815301076,1909f56bfc062723c751e8b465ee728b)  -> (artifact id: '72350773be895279fa9f114ae2a5e0ff') in 0.099447 seconds 
  Import took 0.147987 seconds .

========================================================================
Received Import Request.
  Time since last request: 0.000665 seconds.
  path: Assets/Textures/UI/GUI Interface Kit Free/PNG/GUI-Kit-Pack-Free_28.png
  artifactKey: Guid(97a90474e9344cf4e9ba0ac066c8f034) Importer(815301076,1909f56bfc062723c751e8b465ee728b)
Start importing Assets/Textures/UI/GUI Interface Kit Free/PNG/GUI-Kit-Pack-Free_28.png using Guid(97a90474e9344cf4e9ba0ac066c8f034) Importer(815301076,1909f56bfc062723c751e8b465ee728b)  -> (artifact id: '5dfe111454e4a6b6cbd5a088b3b1cab9') in 0.337417 seconds 
  Import took 0.385344 seconds .

========================================================================
Received Import Request.
  Time since last request: 0.000373 seconds.
  path: Assets/Textures/UI/GUI Interface Kit Free/PNG/GUI-Kit-Pack-Free_26.png
  artifactKey: Guid(b591789fc36e874428358e91db33e9fb) Importer(815301076,1909f56bfc062723c751e8b465ee728b)
Start importing Assets/Textures/UI/GUI Interface Kit Free/PNG/GUI-Kit-Pack-Free_26.png using Guid(b591789fc36e874428358e91db33e9fb) Importer(815301076,1909f56bfc062723c751e8b465ee728b)  -> (artifact id: 'f24c2b0e19a624977b5608a78201389d') in 0.148687 seconds 
  Import took 0.308541 seconds .

========================================================================
Received Import Request.
  Time since last request: 0.000165 seconds.
  path: Assets/Textures/UI/GUI Interface Kit Free/PNG/GUI-Kit-Pack-Free_25.png
  artifactKey: Guid(08101b0a7d7704d4fb69895660db08cd) Importer(815301076,1909f56bfc062723c751e8b465ee728b)
Start importing Assets/Textures/UI/GUI Interface Kit Free/PNG/GUI-Kit-Pack-Free_25.png using Guid(08101b0a7d7704d4fb69895660db08cd) Importer(815301076,1909f56bfc062723c751e8b465ee728b)  -> (artifact id: '681562ee5b105220a9984e9cae2f6e98') in 0.178663 seconds 
  Import took 0.277888 seconds .

========================================================================
Received Import Request.
  Time since last request: 0.000345 seconds.
  path: Assets/Textures/UI/GUI Interface Kit Free/PNG/GUI-Kit-Pack-Free_30.png
  artifactKey: Guid(282731533cd29e84ba8f8e8def3cdfdd) Importer(815301076,1909f56bfc062723c751e8b465ee728b)
Start importing Assets/Textures/UI/GUI Interface Kit Free/PNG/GUI-Kit-Pack-Free_30.png using Guid(282731533cd29e84ba8f8e8def3cdfdd) Importer(815301076,1909f56bfc062723c751e8b465ee728b)  -> (artifact id: '1f00f5002d4b20469ea6617fc466724e') in 0.088428 seconds 
  Import took 0.183304 seconds .

========================================================================
Received Import Request.
  Time since last request: 0.000380 seconds.
  path: Assets/Scenes/Light/ReflectionProbe-0.exr
  artifactKey: Guid(af21b8a78d4d56c4aa2b1ec0bfb7a03f) Importer(815301076,1909f56bfc062723c751e8b465ee728b)
Start importing Assets/Scenes/Light/ReflectionProbe-0.exr using Guid(af21b8a78d4d56c4aa2b1ec0bfb7a03f) Importer(815301076,1909f56bfc062723c751e8b465ee728b)  -> (artifact id: 'c73733191311c5d93b29cc4699799242') in 0.729549 seconds 
  Import took 0.775026 seconds .

========================================================================
Received Import Request.
  Time since last request: 0.000387 seconds.
  path: Assets/Textures/UI/GUI Interface Kit Free/PNG/GUI-Kit-Pack-Free_31.png
  artifactKey: Guid(320a9dafd51ec1e4cb85e3a3e85bdb65) Importer(815301076,1909f56bfc062723c751e8b465ee728b)
Start importing Assets/Textures/UI/GUI Interface Kit Free/PNG/GUI-Kit-Pack-Free_31.png using Guid(320a9dafd51ec1e4cb85e3a3e85bdb65) Importer(815301076,1909f56bfc062723c751e8b465ee728b)  -> (artifact id: 'bc3a50a93bf9fc2e30949af769f45616') in 0.142517 seconds 
  Import took 0.218991 seconds .

========================================================================
Received Import Request.
  Time since last request: 0.000490 seconds.
  path: Assets/Textures/UI/GUI Interface Kit Free/PNG/GUI-Kit-Pack-Free_22.png
  artifactKey: Guid(3a270f8010dab2c408e2f458d47be6ad) Importer(815301076,1909f56bfc062723c751e8b465ee728b)
Start importing Assets/Textures/UI/GUI Interface Kit Free/PNG/GUI-Kit-Pack-Free_22.png using Guid(3a270f8010dab2c408e2f458d47be6ad) Importer(815301076,1909f56bfc062723c751e8b465ee728b)  -> (artifact id: 'e7f1ba77d58a4bfeefcc11b62201af4b') in 0.082121 seconds 
  Import took 0.114464 seconds .

========================================================================
Received Import Request.
  Time since last request: 0.000639 seconds.
  path: Assets/Textures/UI/GUI Interface Kit Free/PNG/GUI-Kit-Pack-Free_37.png
  artifactKey: Guid(687ef7a69d0ea8c41838849ce0b9e1e7) Importer(815301076,1909f56bfc062723c751e8b465ee728b)
Start importing Assets/Textures/UI/GUI Interface Kit Free/PNG/GUI-Kit-Pack-Free_37.png using Guid(687ef7a69d0ea8c41838849ce0b9e1e7) Importer(815301076,1909f56bfc062723c751e8b465ee728b)  -> (artifact id: '41db97d4d1ab327828aff07cd8d99b16') in 0.088434 seconds 
  Import took 0.136444 seconds .

========================================================================
Received Import Request.
  Time since last request: 0.000533 seconds.
  path: Assets/Textures/UI/GUI Interface Kit Free/PNG/GUI-Kit-Pack-Free_33.png
  artifactKey: Guid(e1f77509df26a044fb73bf4d3fb0ba7f) Importer(815301076,1909f56bfc062723c751e8b465ee728b)
Start importing Assets/Textures/UI/GUI Interface Kit Free/PNG/GUI-Kit-Pack-Free_33.png using Guid(e1f77509df26a044fb73bf4d3fb0ba7f) Importer(815301076,1909f56bfc062723c751e8b465ee728b)  -> (artifact id: 'df5fde6a95ab0bc1b41f0034f9c5c8e5') in 0.098539 seconds 
  Import took 0.158901 seconds .

========================================================================
Received Prepare
Switching render pipeline 00000000000000000000000000000000 -> 2b63ee45478f2e6418fe1a37e980959b
Refreshing native plugins compatible for Editor in 647.80 ms, found 2 plugins.
Preloading 0 native plugins for Editor in 0.00 ms.
Unloading 97 Unused Serialized files (Serialized files now loaded: 0)
System memory in use before: 177.0 MB.
System memory in use after: 177.3 MB.

Unloading 49 unused Assets to reduce memory usage. Loaded Objects now: 4565.
Total: 19.617200 ms (FindLiveObjects: 0.550200 ms CreateObjectMapping: 0.404100 ms MarkObjects: 18.451000 ms  DeleteObjects: 0.208700 ms)

AssetImportParameters requested are different than current active one (requested -> active):
  custom:framework-win-MediaFoundation: 216162199b28c13a410421893ffa2e32 -> 
  custom:video-decoder-ogg-theora: a1e56fd34408186e4bbccfd4996cb3dc -> 
  custom:container-muxer-webm: aa71ff27fc2769a1b78a27578f13a17b -> 
  custom:container-demuxer-webm: 4f35f7cbe854078d1ac9338744f61a02 -> 
  custom:container-demuxer-ogg: 62fdf1f143b41e24485cea50d1cbac27 -> 
  custom:video-encoder-webm-vp8: eb34c28f22e8b96e1ab97ce403110664 -> 
  custom:video-decoder-webm-vp8: 9c59270c3fd7afecdb556c50c9e8de78 -> 
  custom:audio-decoder-ogg-vorbis: bf7c407c2cedff20999df2af8eb42d56 -> 
  custom:audio-encoder-webm-vorbis: bf7c407c2cedff20999df2af8eb42d56 -> 
