Using pre-set license
Built from '2020.3/staging' branch; Version is '2020.3.25f1 (9b9180224418) revision 10195328'; Using compiler version '192528614'; Build Type 'Release'
OS: 'Windows 10  (10.0.18363) 64bit Professional' Language: 'ru' Physical Memory: 3943 MB
BatchMode: 1, IsHumanControllingUs: 0, StartBugReporterOnCrash: 0, Is64bit: 1, IsPro: 0

COMMAND LINE ARGUMENTS:
C:\Program Files\Unity\Hub\Editor\2020.3.25f1\Editor\Unity.exe
-adb2
-batchMode
-noUpm
-name
AssetImportWorker25
-projectPath
D:/[Unity_Projects]/ShootEm-Branch4
-logFile
Logs/AssetImportWorker25.log
-srvPort
55027
Successfully changed project path to: D:/[Unity_Projects]/ShootEm-Branch4
D:/[Unity_Projects]/ShootEm-Branch4
Using Asset Import Pipeline V2.
Refreshing native plugins compatible for Editor in 301.49 ms, found 2 plugins.
Preloading 0 native plugins for Editor in 0.00 ms.
Initialize engine version: 2020.3.25f1 (9b9180224418)
[Subsystems] Discovering subsystems at path C:/Program Files/Unity/Hub/Editor/2020.3.25f1/Editor/Data/Resources/UnitySubsystems
[Subsystems] Discovering subsystems at path D:/[Unity_Projects]/ShootEm-Branch4/Assets
GfxDevice: creating device client; threaded=0
Direct3D:
    Version:  Direct3D 11.0 [level 11.0]
    Renderer: Intel(R) HD Graphics (ID=0x156)
    Vendor:   
    VRAM:     128 MB
    Driver:   10.18.10.5161
Initialize mono
Mono path[0] = 'C:/Program Files/Unity/Hub/Editor/2020.3.25f1/Editor/Data/Managed'
Mono path[1] = 'C:/Program Files/Unity/Hub/Editor/2020.3.25f1/Editor/Data/MonoBleedingEdge/lib/mono/unityjit'
Mono config path = 'C:/Program Files/Unity/Hub/Editor/2020.3.25f1/Editor/Data/MonoBleedingEdge/etc'
Using monoOptions --debugger-agent=transport=dt_socket,embedding=1,server=y,suspend=n,address=127.0.0.1:56472
Begin MonoManager ReloadAssembly
Registering precompiled unity dll's ...
Register platform support module: C:/Program Files/Unity/Hub/Editor/2020.3.25f1/Editor/Data/PlaybackEngines/WindowsStandaloneSupport/UnityEditor.WindowsStandalone.Extensions.dll
Registered in 0.003846 seconds.
Native extension for WindowsStandalone target not found
Refreshing native plugins compatible for Editor in 258.88 ms, found 2 plugins.
Preloading 0 native plugins for Editor in 0.00 ms.
Mono: successfully reloaded assembly
- Completed reload, in  3.389 seconds
Domain Reload Profiling:
	ReloadAssembly (3389ms)
		BeginReloadAssembly (266ms)
			ExecutionOrderSort (0ms)
			DisableScriptedObjects (0ms)
			BackupInstance (0ms)
			ReleaseScriptingObjects (0ms)
			CreateAndSetChildDomain (2ms)
		EndReloadAssembly (2817ms)
			LoadAssemblies (261ms)
			RebuildTransferFunctionScriptingTraits (0ms)
			SetupTypeCache (503ms)
			ReleaseScriptCaches (0ms)
			RebuildScriptCaches (223ms)
			SetupLoadedEditorAssemblies (1050ms)
				LogAssemblyErrors (0ms)
				InitializePlatformSupportModulesInManaged (18ms)
				SetLoadedEditorAssemblies (1ms)
				RefreshPlugins (259ms)
				BeforeProcessingInitializeOnLoad (34ms)
				ProcessInitializeOnLoadAttributes (504ms)
				ProcessInitializeOnLoadMethodAttributes (232ms)
				AfterProcessingInitializeOnLoad (0ms)
				EditorAssembliesLoaded (3ms)
			ExecutionOrderSort2 (0ms)
			AwakeInstancesAfterBackupRestoration (0ms)
Platform modules already initialized, skipping
Registering precompiled user dll's ...
Registered in 0.012679 seconds.
Begin MonoManager ReloadAssembly
Native extension for WindowsStandalone target not found
Refreshing native plugins compatible for Editor in 257.43 ms, found 2 plugins.
Preloading 0 native plugins for Editor in 0.00 ms.
Mono: successfully reloaded assembly
- Completed reload, in 11.706 seconds
Domain Reload Profiling:
	ReloadAssembly (11709ms)
		BeginReloadAssembly (457ms)
			ExecutionOrderSort (0ms)
			DisableScriptedObjects (15ms)
			BackupInstance (0ms)
			ReleaseScriptingObjects (0ms)
			CreateAndSetChildDomain (99ms)
		EndReloadAssembly (11095ms)
			LoadAssemblies (1969ms)
			RebuildTransferFunctionScriptingTraits (0ms)
			SetupTypeCache (1093ms)
			ReleaseScriptCaches (1ms)
			RebuildScriptCaches (169ms)
			SetupLoadedEditorAssemblies (7481ms)
				LogAssemblyErrors (0ms)
				InitializePlatformSupportModulesInManaged (10ms)
				SetLoadedEditorAssemblies (1ms)
				RefreshPlugins (258ms)
				BeforeProcessingInitializeOnLoad (352ms)
				ProcessInitializeOnLoadAttributes (6639ms)
				ProcessInitializeOnLoadMethodAttributes (209ms)
				AfterProcessingInitializeOnLoad (12ms)
				EditorAssembliesLoaded (1ms)
			ExecutionOrderSort2 (0ms)
			AwakeInstancesAfterBackupRestoration (20ms)
Platform modules already initialized, skipping
========================================================================
Worker process is ready to serve import requests
Launched and connected shader compiler UnityShaderCompiler.exe after 2.62 seconds
Refreshing native plugins compatible for Editor in 2.07 ms, found 2 plugins.
Preloading 0 native plugins for Editor in 0.00 ms.
Unloading 3418 Unused Serialized files (Serialized files now loaded: 0)
System memory in use before: 133.9 MB.
System memory in use after: 134.1 MB.

Unloading 57 unused Assets to reduce memory usage. Loaded Objects now: 3827.
Total: 15.802600 ms (FindLiveObjects: 0.581900 ms CreateObjectMapping: 0.445600 ms MarkObjects: 14.482000 ms  DeleteObjects: 0.290200 ms)

AssetImportParameters requested are different than current active one (requested -> active):
  custom:framework-win-MediaFoundation: 216162199b28c13a410421893ffa2e32 -> 
  custom:video-decoder-ogg-theora: a1e56fd34408186e4bbccfd4996cb3dc -> 
  custom:container-muxer-webm: aa71ff27fc2769a1b78a27578f13a17b -> 
  custom:container-demuxer-webm: 4f35f7cbe854078d1ac9338744f61a02 -> 
  custom:container-demuxer-ogg: 62fdf1f143b41e24485cea50d1cbac27 -> 
  custom:video-encoder-webm-vp8: eb34c28f22e8b96e1ab97ce403110664 -> 
  custom:video-decoder-webm-vp8: 9c59270c3fd7afecdb556c50c9e8de78 -> 
  custom:audio-decoder-ogg-vorbis: bf7c407c2cedff20999df2af8eb42d56 -> 
  custom:audio-encoder-webm-vorbis: bf7c407c2cedff20999df2af8eb42d56 -> 
========================================================================
Received Import Request.
  path: Assets/IncreasingSnow.cs
  artifactKey: Guid(c27d190e6dc09774d9b8d41868e7adf4) Importer(815301076,1909f56bfc062723c751e8b465ee728b)
Start importing Assets/IncreasingSnow.cs using Guid(c27d190e6dc09774d9b8d41868e7adf4) Importer(815301076,1909f56bfc062723c751e8b465ee728b)  -> (artifact id: 'a799b35290dffa6326064298f87a1021') in 0.481554 seconds 
  Import took 0.533369 seconds .

========================================================================
Received Prepare
Registering precompiled user dll's ...
Registered in 0.215273 seconds.
Begin MonoManager ReloadAssembly
Native extension for WindowsStandalone target not found
Refreshing native plugins compatible for Editor in 6.64 ms, found 2 plugins.
Preloading 0 native plugins for Editor in 0.00 ms.
Mono: successfully reloaded assembly
- Completed reload, in  8.289 seconds
Domain Reload Profiling:
	ReloadAssembly (8291ms)
		BeginReloadAssembly (902ms)
			ExecutionOrderSort (0ms)
			DisableScriptedObjects (36ms)
			BackupInstance (0ms)
			ReleaseScriptingObjects (0ms)
			CreateAndSetChildDomain (285ms)
		EndReloadAssembly (7054ms)
			LoadAssemblies (727ms)
			RebuildTransferFunctionScriptingTraits (0ms)
			SetupTypeCache (2345ms)
			ReleaseScriptCaches (7ms)
			RebuildScriptCaches (363ms)
			SetupLoadedEditorAssemblies (2871ms)
				LogAssemblyErrors (0ms)
				InitializePlatformSupportModulesInManaged (35ms)
				SetLoadedEditorAssemblies (4ms)
				RefreshPlugins (7ms)
				BeforeProcessingInitializeOnLoad (670ms)
				ProcessInitializeOnLoadAttributes (1893ms)
				ProcessInitializeOnLoadMethodAttributes (247ms)
				AfterProcessingInitializeOnLoad (13ms)
				EditorAssembliesLoaded (1ms)
			ExecutionOrderSort2 (0ms)
			AwakeInstancesAfterBackupRestoration (24ms)
Platform modules already initialized, skipping
Refreshing native plugins compatible for Editor in 2.69 ms, found 2 plugins.
Preloading 0 native plugins for Editor in 0.00 ms.
Unloading 3369 Unused Serialized files (Serialized files now loaded: 0)
System memory in use before: 129.5 MB.
System memory in use after: 129.7 MB.

Unloading 52 unused Assets to reduce memory usage. Loaded Objects now: 3829.
Total: 21.296300 ms (FindLiveObjects: 0.769000 ms CreateObjectMapping: 1.093600 ms MarkObjects: 18.623200 ms  DeleteObjects: 0.805500 ms)

AssetImportParameters requested are different than current active one (requested -> active):
  custom:framework-win-MediaFoundation: 216162199b28c13a410421893ffa2e32 -> 
  custom:video-decoder-ogg-theora: a1e56fd34408186e4bbccfd4996cb3dc -> 
  custom:container-muxer-webm: aa71ff27fc2769a1b78a27578f13a17b -> 
  custom:container-demuxer-webm: 4f35f7cbe854078d1ac9338744f61a02 -> 
  custom:container-demuxer-ogg: 62fdf1f143b41e24485cea50d1cbac27 -> 
  custom:video-encoder-webm-vp8: eb34c28f22e8b96e1ab97ce403110664 -> 
  custom:video-decoder-webm-vp8: 9c59270c3fd7afecdb556c50c9e8de78 -> 
  custom:audio-decoder-ogg-vorbis: bf7c407c2cedff20999df2af8eb42d56 -> 
  custom:audio-encoder-webm-vorbis: bf7c407c2cedff20999df2af8eb42d56 -> 
========================================================================
Received Prepare
Registering precompiled user dll's ...
Registered in 1.384321 seconds.
Begin MonoManager ReloadAssembly
Native extension for WindowsStandalone target not found
Refreshing native plugins compatible for Editor in 1.99 ms, found 2 plugins.
Preloading 0 native plugins for Editor in 0.00 ms.
Mono: successfully reloaded assembly
- Completed reload, in  4.913 seconds
Domain Reload Profiling:
	ReloadAssembly (4916ms)
		BeginReloadAssembly (434ms)
			ExecutionOrderSort (0ms)
			DisableScriptedObjects (12ms)
			BackupInstance (0ms)
			ReleaseScriptingObjects (0ms)
			CreateAndSetChildDomain (153ms)
		EndReloadAssembly (4186ms)
			LoadAssemblies (377ms)
			RebuildTransferFunctionScriptingTraits (0ms)
			SetupTypeCache (1422ms)
			ReleaseScriptCaches (5ms)
			RebuildScriptCaches (296ms)
			SetupLoadedEditorAssemblies (1719ms)
				LogAssemblyErrors (0ms)
				InitializePlatformSupportModulesInManaged (12ms)
				SetLoadedEditorAssemblies (1ms)
				RefreshPlugins (3ms)
				BeforeProcessingInitializeOnLoad (351ms)
				ProcessInitializeOnLoadAttributes (1039ms)
				ProcessInitializeOnLoadMethodAttributes (277ms)
				AfterProcessingInitializeOnLoad (35ms)
				EditorAssembliesLoaded (1ms)
			ExecutionOrderSort2 (0ms)
			AwakeInstancesAfterBackupRestoration (18ms)
Platform modules already initialized, skipping
Refreshing native plugins compatible for Editor in 2.06 ms, found 2 plugins.
Preloading 0 native plugins for Editor in 0.00 ms.
Unloading 3369 Unused Serialized files (Serialized files now loaded: 0)
System memory in use before: 129.6 MB.
System memory in use after: 129.8 MB.

Unloading 52 unused Assets to reduce memory usage. Loaded Objects now: 3831.
Total: 53.323900 ms (FindLiveObjects: 1.162600 ms CreateObjectMapping: 1.262500 ms MarkObjects: 50.644400 ms  DeleteObjects: 0.250900 ms)

AssetImportParameters requested are different than current active one (requested -> active):
  custom:framework-win-MediaFoundation: 216162199b28c13a410421893ffa2e32 -> 
  custom:video-decoder-ogg-theora: a1e56fd34408186e4bbccfd4996cb3dc -> 
  custom:container-muxer-webm: aa71ff27fc2769a1b78a27578f13a17b -> 
  custom:container-demuxer-webm: 4f35f7cbe854078d1ac9338744f61a02 -> 
  custom:container-demuxer-ogg: 62fdf1f143b41e24485cea50d1cbac27 -> 
  custom:video-encoder-webm-vp8: eb34c28f22e8b96e1ab97ce403110664 -> 
  custom:video-decoder-webm-vp8: 9c59270c3fd7afecdb556c50c9e8de78 -> 
  custom:audio-decoder-ogg-vorbis: bf7c407c2cedff20999df2af8eb42d56 -> 
  custom:audio-encoder-webm-vorbis: bf7c407c2cedff20999df2af8eb42d56 -> 
========================================================================
Received Prepare
Registering precompiled user dll's ...
Registered in 0.098216 seconds.
Begin MonoManager ReloadAssembly
Native extension for WindowsStandalone target not found
Refreshing native plugins compatible for Editor in 2.54 ms, found 2 plugins.
Preloading 0 native plugins for Editor in 0.00 ms.
Mono: successfully reloaded assembly
- Completed reload, in  4.421 seconds
Domain Reload Profiling:
	ReloadAssembly (4422ms)
		BeginReloadAssembly (371ms)
			ExecutionOrderSort (0ms)
			DisableScriptedObjects (85ms)
			BackupInstance (0ms)
			ReleaseScriptingObjects (0ms)
			CreateAndSetChildDomain (85ms)
		EndReloadAssembly (3889ms)
			LoadAssemblies (269ms)
			RebuildTransferFunctionScriptingTraits (0ms)
			SetupTypeCache (1050ms)
			ReleaseScriptCaches (3ms)
			RebuildScriptCaches (171ms)
			SetupLoadedEditorAssemblies (1992ms)
				LogAssemblyErrors (0ms)
				InitializePlatformSupportModulesInManaged (12ms)
				SetLoadedEditorAssemblies (1ms)
				RefreshPlugins (3ms)
				BeforeProcessingInitializeOnLoad (389ms)
				ProcessInitializeOnLoadAttributes (1421ms)
				ProcessInitializeOnLoadMethodAttributes (128ms)
				AfterProcessingInitializeOnLoad (37ms)
				EditorAssembliesLoaded (1ms)
			ExecutionOrderSort2 (0ms)
			AwakeInstancesAfterBackupRestoration (20ms)
Platform modules already initialized, skipping
Refreshing native plugins compatible for Editor in 2.67 ms, found 2 plugins.
Preloading 0 native plugins for Editor in 0.00 ms.
Unloading 3369 Unused Serialized files (Serialized files now loaded: 0)
System memory in use before: 129.6 MB.
System memory in use after: 129.8 MB.

Unloading 52 unused Assets to reduce memory usage. Loaded Objects now: 3833.
Total: 16.601300 ms (FindLiveObjects: 0.654600 ms CreateObjectMapping: 0.560100 ms MarkObjects: 15.011300 ms  DeleteObjects: 0.369900 ms)

AssetImportParameters requested are different than current active one (requested -> active):
  custom:framework-win-MediaFoundation: 216162199b28c13a410421893ffa2e32 -> 
  custom:video-decoder-ogg-theora: a1e56fd34408186e4bbccfd4996cb3dc -> 
  custom:container-muxer-webm: aa71ff27fc2769a1b78a27578f13a17b -> 
  custom:container-demuxer-webm: 4f35f7cbe854078d1ac9338744f61a02 -> 
  custom:container-demuxer-ogg: 62fdf1f143b41e24485cea50d1cbac27 -> 
  custom:video-encoder-webm-vp8: eb34c28f22e8b96e1ab97ce403110664 -> 
  custom:video-decoder-webm-vp8: 9c59270c3fd7afecdb556c50c9e8de78 -> 
  custom:audio-decoder-ogg-vorbis: bf7c407c2cedff20999df2af8eb42d56 -> 
  custom:audio-encoder-webm-vorbis: bf7c407c2cedff20999df2af8eb42d56 -> 
========================================================================
Received Prepare
Registering precompiled user dll's ...
Registered in 0.106863 seconds.
Begin MonoManager ReloadAssembly
Native extension for WindowsStandalone target not found
Refreshing native plugins compatible for Editor in 4.93 ms, found 2 plugins.
Preloading 0 native plugins for Editor in 0.00 ms.
Mono: successfully reloaded assembly
- Completed reload, in  4.794 seconds
Domain Reload Profiling:
	ReloadAssembly (4796ms)
		BeginReloadAssembly (420ms)
			ExecutionOrderSort (0ms)
			DisableScriptedObjects (19ms)
			BackupInstance (0ms)
			ReleaseScriptingObjects (0ms)
			CreateAndSetChildDomain (135ms)
		EndReloadAssembly (4115ms)
			LoadAssemblies (411ms)
			RebuildTransferFunctionScriptingTraits (0ms)
			SetupTypeCache (1420ms)
			ReleaseScriptCaches (3ms)
			RebuildScriptCaches (221ms)
			SetupLoadedEditorAssemblies (1730ms)
				LogAssemblyErrors (0ms)
				InitializePlatformSupportModulesInManaged (21ms)
				SetLoadedEditorAssemblies (3ms)
				RefreshPlugins (5ms)
				BeforeProcessingInitializeOnLoad (439ms)
				ProcessInitializeOnLoadAttributes (1073ms)
				ProcessInitializeOnLoadMethodAttributes (175ms)
				AfterProcessingInitializeOnLoad (13ms)
				EditorAssembliesLoaded (1ms)
			ExecutionOrderSort2 (0ms)
			AwakeInstancesAfterBackupRestoration (20ms)
Platform modules already initialized, skipping
Refreshing native plugins compatible for Editor in 2.90 ms, found 2 plugins.
Preloading 0 native plugins for Editor in 0.00 ms.
Unloading 3369 Unused Serialized files (Serialized files now loaded: 0)
System memory in use before: 129.6 MB.
System memory in use after: 129.8 MB.

Unloading 52 unused Assets to reduce memory usage. Loaded Objects now: 3835.
Total: 23.932400 ms (FindLiveObjects: 0.717800 ms CreateObjectMapping: 1.894100 ms MarkObjects: 21.075200 ms  DeleteObjects: 0.240100 ms)

AssetImportParameters requested are different than current active one (requested -> active):
  custom:framework-win-MediaFoundation: 216162199b28c13a410421893ffa2e32 -> 
  custom:video-decoder-ogg-theora: a1e56fd34408186e4bbccfd4996cb3dc -> 
  custom:container-muxer-webm: aa71ff27fc2769a1b78a27578f13a17b -> 
  custom:container-demuxer-webm: 4f35f7cbe854078d1ac9338744f61a02 -> 
  custom:container-demuxer-ogg: 62fdf1f143b41e24485cea50d1cbac27 -> 
  custom:video-encoder-webm-vp8: eb34c28f22e8b96e1ab97ce403110664 -> 
  custom:video-decoder-webm-vp8: 9c59270c3fd7afecdb556c50c9e8de78 -> 
  custom:audio-decoder-ogg-vorbis: bf7c407c2cedff20999df2af8eb42d56 -> 
  custom:audio-encoder-webm-vorbis: bf7c407c2cedff20999df2af8eb42d56 -> 
========================================================================
Received Prepare
Registering precompiled user dll's ...
Registered in 0.089444 seconds.
Begin MonoManager ReloadAssembly
Native extension for WindowsStandalone target not found
Refreshing native plugins compatible for Editor in 2.48 ms, found 2 plugins.
Preloading 0 native plugins for Editor in 0.00 ms.
Mono: successfully reloaded assembly
- Completed reload, in  4.319 seconds
Domain Reload Profiling:
	ReloadAssembly (4321ms)
		BeginReloadAssembly (367ms)
			ExecutionOrderSort (0ms)
			DisableScriptedObjects (18ms)
			BackupInstance (0ms)
			ReleaseScriptingObjects (0ms)
			CreateAndSetChildDomain (122ms)
		EndReloadAssembly (3656ms)
			LoadAssemblies (320ms)
			RebuildTransferFunctionScriptingTraits (0ms)
			SetupTypeCache (1178ms)
			ReleaseScriptCaches (3ms)
			RebuildScriptCaches (179ms)
			SetupLoadedEditorAssemblies (1554ms)
				LogAssemblyErrors (0ms)
				InitializePlatformSupportModulesInManaged (14ms)
				SetLoadedEditorAssemblies (2ms)
				RefreshPlugins (3ms)
				BeforeProcessingInitializeOnLoad (387ms)
				ProcessInitializeOnLoadAttributes (950ms)
				ProcessInitializeOnLoadMethodAttributes (183ms)
				AfterProcessingInitializeOnLoad (14ms)
				EditorAssembliesLoaded (1ms)
			ExecutionOrderSort2 (0ms)
			AwakeInstancesAfterBackupRestoration (17ms)
Platform modules already initialized, skipping
Refreshing native plugins compatible for Editor in 2.11 ms, found 2 plugins.
Preloading 0 native plugins for Editor in 0.00 ms.
Unloading 3369 Unused Serialized files (Serialized files now loaded: 0)
System memory in use before: 129.6 MB.
System memory in use after: 129.8 MB.

Unloading 52 unused Assets to reduce memory usage. Loaded Objects now: 3837.
Total: 30.472700 ms (FindLiveObjects: 0.838200 ms CreateObjectMapping: 1.835500 ms MarkObjects: 27.520400 ms  DeleteObjects: 0.273600 ms)

AssetImportParameters requested are different than current active one (requested -> active):
  custom:framework-win-MediaFoundation: 216162199b28c13a410421893ffa2e32 -> 
  custom:video-decoder-ogg-theora: a1e56fd34408186e4bbccfd4996cb3dc -> 
  custom:container-muxer-webm: aa71ff27fc2769a1b78a27578f13a17b -> 
  custom:container-demuxer-webm: 4f35f7cbe854078d1ac9338744f61a02 -> 
  custom:container-demuxer-ogg: 62fdf1f143b41e24485cea50d1cbac27 -> 
  custom:video-encoder-webm-vp8: eb34c28f22e8b96e1ab97ce403110664 -> 
  custom:video-decoder-webm-vp8: 9c59270c3fd7afecdb556c50c9e8de78 -> 
  custom:audio-decoder-ogg-vorbis: bf7c407c2cedff20999df2af8eb42d56 -> 
  custom:audio-encoder-webm-vorbis: bf7c407c2cedff20999df2af8eb42d56 -> 
========================================================================
Received Prepare
Registering precompiled user dll's ...
Registered in 0.012250 seconds.
Begin MonoManager ReloadAssembly
Native extension for WindowsStandalone target not found
Refreshing native plugins compatible for Editor in 2.21 ms, found 2 plugins.
Preloading 0 native plugins for Editor in 0.00 ms.
Mono: successfully reloaded assembly
- Completed reload, in  4.534 seconds
Domain Reload Profiling:
	ReloadAssembly (4535ms)
		BeginReloadAssembly (294ms)
			ExecutionOrderSort (0ms)
			DisableScriptedObjects (12ms)
			BackupInstance (0ms)
			ReleaseScriptingObjects (0ms)
			CreateAndSetChildDomain (97ms)
		EndReloadAssembly (4060ms)
			LoadAssemblies (276ms)
			RebuildTransferFunctionScriptingTraits (0ms)
			SetupTypeCache (1912ms)
			ReleaseScriptCaches (3ms)
			RebuildScriptCaches (132ms)
			SetupLoadedEditorAssemblies (1365ms)
				LogAssemblyErrors (0ms)
				InitializePlatformSupportModulesInManaged (12ms)
				SetLoadedEditorAssemblies (1ms)
				RefreshPlugins (2ms)
				BeforeProcessingInitializeOnLoad (398ms)
				ProcessInitializeOnLoadAttributes (828ms)
				ProcessInitializeOnLoadMethodAttributes (110ms)
				AfterProcessingInitializeOnLoad (12ms)
				EditorAssembliesLoaded (1ms)
			ExecutionOrderSort2 (0ms)
			AwakeInstancesAfterBackupRestoration (24ms)
Platform modules already initialized, skipping
Refreshing native plugins compatible for Editor in 2.12 ms, found 2 plugins.
Preloading 0 native plugins for Editor in 0.00 ms.
Unloading 3369 Unused Serialized files (Serialized files now loaded: 0)
System memory in use before: 129.7 MB.
System memory in use after: 129.8 MB.

Unloading 52 unused Assets to reduce memory usage. Loaded Objects now: 3839.
Total: 19.270000 ms (FindLiveObjects: 0.674700 ms CreateObjectMapping: 0.578700 ms MarkObjects: 17.791700 ms  DeleteObjects: 0.221300 ms)

AssetImportParameters requested are different than current active one (requested -> active):
  custom:framework-win-MediaFoundation: 216162199b28c13a410421893ffa2e32 -> 
  custom:video-decoder-ogg-theora: a1e56fd34408186e4bbccfd4996cb3dc -> 
  custom:container-muxer-webm: aa71ff27fc2769a1b78a27578f13a17b -> 
  custom:container-demuxer-webm: 4f35f7cbe854078d1ac9338744f61a02 -> 
  custom:container-demuxer-ogg: 62fdf1f143b41e24485cea50d1cbac27 -> 
  custom:video-encoder-webm-vp8: eb34c28f22e8b96e1ab97ce403110664 -> 
  custom:video-decoder-webm-vp8: 9c59270c3fd7afecdb556c50c9e8de78 -> 
  custom:audio-decoder-ogg-vorbis: bf7c407c2cedff20999df2af8eb42d56 -> 
  custom:audio-encoder-webm-vorbis: bf7c407c2cedff20999df2af8eb42d56 -> 
========================================================================
Received Prepare
Registering precompiled user dll's ...
Registered in 0.083295 seconds.
Begin MonoManager ReloadAssembly
Native extension for WindowsStandalone target not found
Refreshing native plugins compatible for Editor in 4.70 ms, found 2 plugins.
Preloading 0 native plugins for Editor in 0.00 ms.
Mono: successfully reloaded assembly
- Completed reload, in 16.897 seconds
Domain Reload Profiling:
	ReloadAssembly (16901ms)
		BeginReloadAssembly (2962ms)
			ExecutionOrderSort (0ms)
			DisableScriptedObjects (152ms)
			BackupInstance (0ms)
			ReleaseScriptingObjects (1ms)
			CreateAndSetChildDomain (986ms)
		EndReloadAssembly (12538ms)
			LoadAssemblies (2272ms)
			RebuildTransferFunctionScriptingTraits (1ms)
			SetupTypeCache (6811ms)
			ReleaseScriptCaches (7ms)
			RebuildScriptCaches (396ms)
			SetupLoadedEditorAssemblies (3076ms)
				LogAssemblyErrors (0ms)
				InitializePlatformSupportModulesInManaged (26ms)
				SetLoadedEditorAssemblies (3ms)
				RefreshPlugins (5ms)
				BeforeProcessingInitializeOnLoad (689ms)
				ProcessInitializeOnLoadAttributes (2028ms)
				ProcessInitializeOnLoadMethodAttributes (297ms)
				AfterProcessingInitializeOnLoad (26ms)
				EditorAssembliesLoaded (1ms)
			ExecutionOrderSort2 (0ms)
			AwakeInstancesAfterBackupRestoration (53ms)
Platform modules already initialized, skipping
Refreshing native plugins compatible for Editor in 2.14 ms, found 2 plugins.
Preloading 0 native plugins for Editor in 0.00 ms.
Unloading 3369 Unused Serialized files (Serialized files now loaded: 0)
System memory in use before: 129.7 MB.
System memory in use after: 129.9 MB.

Unloading 52 unused Assets to reduce memory usage. Loaded Objects now: 3841.
Total: 137.082500 ms (FindLiveObjects: 1.521400 ms CreateObjectMapping: 71.378700 ms MarkObjects: 63.445900 ms  DeleteObjects: 0.730500 ms)

AssetImportParameters requested are different than current active one (requested -> active):
  custom:framework-win-MediaFoundation: 216162199b28c13a410421893ffa2e32 -> 
  custom:video-decoder-ogg-theora: a1e56fd34408186e4bbccfd4996cb3dc -> 
  custom:container-muxer-webm: aa71ff27fc2769a1b78a27578f13a17b -> 
  custom:container-demuxer-webm: 4f35f7cbe854078d1ac9338744f61a02 -> 
  custom:container-demuxer-ogg: 62fdf1f143b41e24485cea50d1cbac27 -> 
  custom:video-encoder-webm-vp8: eb34c28f22e8b96e1ab97ce403110664 -> 
  custom:video-decoder-webm-vp8: 9c59270c3fd7afecdb556c50c9e8de78 -> 
  custom:audio-decoder-ogg-vorbis: bf7c407c2cedff20999df2af8eb42d56 -> 
  custom:audio-encoder-webm-vorbis: bf7c407c2cedff20999df2af8eb42d56 -> 
========================================================================
Received Prepare
Registering precompiled user dll's ...
Registered in 0.012280 seconds.
Begin MonoManager ReloadAssembly
Native extension for WindowsStandalone target not found
Refreshing native plugins compatible for Editor in 2.02 ms, found 2 plugins.
Preloading 0 native plugins for Editor in 0.00 ms.
Mono: successfully reloaded assembly
- Completed reload, in  4.912 seconds
Domain Reload Profiling:
	ReloadAssembly (4913ms)
		BeginReloadAssembly (427ms)
			ExecutionOrderSort (0ms)
			DisableScriptedObjects (13ms)
			BackupInstance (0ms)
			ReleaseScriptingObjects (0ms)
			CreateAndSetChildDomain (131ms)
		EndReloadAssembly (4268ms)
			LoadAssemblies (400ms)
			RebuildTransferFunctionScriptingTraits (0ms)
			SetupTypeCache (1445ms)
			ReleaseScriptCaches (3ms)
			RebuildScriptCaches (215ms)
			SetupLoadedEditorAssemblies (1729ms)
				LogAssemblyErrors (0ms)
				InitializePlatformSupportModulesInManaged (40ms)
				SetLoadedEditorAssemblies (1ms)
				RefreshPlugins (2ms)
				BeforeProcessingInitializeOnLoad (441ms)
				ProcessInitializeOnLoadAttributes (1034ms)
				ProcessInitializeOnLoadMethodAttributes (199ms)
				AfterProcessingInitializeOnLoad (12ms)
				EditorAssembliesLoaded (1ms)
			ExecutionOrderSort2 (0ms)
			AwakeInstancesAfterBackupRestoration (20ms)
Platform modules already initialized, skipping
Refreshing native plugins compatible for Editor in 2.63 ms, found 2 plugins.
Preloading 0 native plugins for Editor in 0.00 ms.
Unloading 3369 Unused Serialized files (Serialized files now loaded: 0)
System memory in use before: 129.7 MB.
System memory in use after: 129.9 MB.

Unloading 52 unused Assets to reduce memory usage. Loaded Objects now: 3843.
Total: 36.065600 ms (FindLiveObjects: 0.642500 ms CreateObjectMapping: 0.564200 ms MarkObjects: 34.484000 ms  DeleteObjects: 0.369200 ms)

AssetImportParameters requested are different than current active one (requested -> active):
  custom:framework-win-MediaFoundation: 216162199b28c13a410421893ffa2e32 -> 
  custom:video-decoder-ogg-theora: a1e56fd34408186e4bbccfd4996cb3dc -> 
  custom:container-muxer-webm: aa71ff27fc2769a1b78a27578f13a17b -> 
  custom:container-demuxer-webm: 4f35f7cbe854078d1ac9338744f61a02 -> 
  custom:container-demuxer-ogg: 62fdf1f143b41e24485cea50d1cbac27 -> 
  custom:video-encoder-webm-vp8: eb34c28f22e8b96e1ab97ce403110664 -> 
  custom:video-decoder-webm-vp8: 9c59270c3fd7afecdb556c50c9e8de78 -> 
  custom:audio-decoder-ogg-vorbis: bf7c407c2cedff20999df2af8eb42d56 -> 
  custom:audio-encoder-webm-vorbis: bf7c407c2cedff20999df2af8eb42d56 -> 
========================================================================
Received Import Request.
  Time since last request: 3145.705961 seconds.
  path: Assets/BuildingShed/Models
  artifactKey: Guid(c5c1eea3dcfc805499c3e5650fc8626e) Importer(815301076,1909f56bfc062723c751e8b465ee728b)
Start importing Assets/BuildingShed/Models using Guid(c5c1eea3dcfc805499c3e5650fc8626e) Importer(815301076,1909f56bfc062723c751e8b465ee728b)  -> (artifact id: '8fabc1d28a3b95fae79727b524402ea9') in 0.340576 seconds 
  Import took 0.536776 seconds .

========================================================================
Received Import Request.
  Time since last request: 0.000456 seconds.
  path: Assets/BuildingShed/Models/BuildingShed.FBX
  artifactKey: Guid(3f530f86a8d3fa34e9fb946394f76a23) Importer(815301076,1909f56bfc062723c751e8b465ee728b)
Start importing Assets/BuildingShed/Models/BuildingShed.FBX using Guid(3f530f86a8d3fa34e9fb946394f76a23) Importer(815301076,1909f56bfc062723c751e8b465ee728b)  -> (artifact id: 'df3837a5ac1b5c67f44c17565d19257b') in 2.894206 seconds 
  Import took 3.007976 seconds .

========================================================================
Received Import Request.
  Time since last request: 6.869753 seconds.
  path: Assets/Low_Poly_Mini_Village/Prefabs/Base.prefab
  artifactKey: Guid(bef79636abe053d4d9a4757b4466bfe9) Importer(815301076,1909f56bfc062723c751e8b465ee728b)
Start importing Assets/Low_Poly_Mini_Village/Prefabs/Base.prefab using Guid(bef79636abe053d4d9a4757b4466bfe9) Importer(815301076,1909f56bfc062723c751e8b465ee728b)  -> (artifact id: '3db387ee34a2739854ef3761a7018fce') in 0.996768 seconds 
  Import took 1.177469 seconds .

========================================================================
Received Import Request.
  Time since last request: 0.000438 seconds.
  path: Assets/Low_Poly_Mini_Village/Prefabs/Ground.prefab
  artifactKey: Guid(e3e0e20c8d3c49843b9f69d078adbdf7) Importer(815301076,1909f56bfc062723c751e8b465ee728b)
Start importing Assets/Low_Poly_Mini_Village/Prefabs/Ground.prefab using Guid(e3e0e20c8d3c49843b9f69d078adbdf7) Importer(815301076,1909f56bfc062723c751e8b465ee728b)  -> (artifact id: '227fe8dc30c411b69ce039cfc01ca3f3') in 1.557214 seconds 
  Import took 1.627825 seconds .

========================================================================
Received Import Request.
  Time since last request: 0.000468 seconds.
  path: Assets/Low_Poly_Mini_Village/Prefabs/Water.prefab
  artifactKey: Guid(bc131e0c7707c8e4d8099dd0b1451179) Importer(815301076,1909f56bfc062723c751e8b465ee728b)
Start importing Assets/Low_Poly_Mini_Village/Prefabs/Water.prefab using Guid(bc131e0c7707c8e4d8099dd0b1451179) Importer(815301076,1909f56bfc062723c751e8b465ee728b)  -> (artifact id: 'b46a787dd60564ad550b2b88f01671a3') in 0.826972 seconds 
  Import took 0.921286 seconds .

========================================================================
Received Import Request.
  Time since last request: 0.000457 seconds.
  path: Assets/Low_Poly_Mini_Village/Prefabs/Electric_pole.prefab
  artifactKey: Guid(956a8f08c3fac1547baafd057d820a75) Importer(815301076,1909f56bfc062723c751e8b465ee728b)
Start importing Assets/Low_Poly_Mini_Village/Prefabs/Electric_pole.prefab using Guid(956a8f08c3fac1547baafd057d820a75) Importer(815301076,1909f56bfc062723c751e8b465ee728b)  -> (artifact id: 'a5b5be3d9c1e22e4d815190ac96b317a') in 0.915593 seconds 
  Import took 1.001615 seconds .

========================================================================
Received Import Request.
  Time since last request: 0.000446 seconds.
  path: Assets/Low_Poly_Mini_Village/Prefabs/Grass_3.prefab
  artifactKey: Guid(c4bc74b0a7f30164493f6b2b1cd5969e) Importer(815301076,1909f56bfc062723c751e8b465ee728b)
Start importing Assets/Low_Poly_Mini_Village/Prefabs/Grass_3.prefab using Guid(c4bc74b0a7f30164493f6b2b1cd5969e) Importer(815301076,1909f56bfc062723c751e8b465ee728b)  -> (artifact id: '7261382bbd46a30a39c30d162e4fbd81') in 1.063157 seconds 
  Import took 1.115583 seconds .

========================================================================
Received Import Request.
  Time since last request: 0.003359 seconds.
  path: Assets/Low_Poly_Mini_Village/Prefabs/Tree_1.prefab
  artifactKey: Guid(2f88bb42a1ce0c043834b471617d3b2a) Importer(815301076,1909f56bfc062723c751e8b465ee728b)
Start importing Assets/Low_Poly_Mini_Village/Prefabs/Tree_1.prefab using Guid(2f88bb42a1ce0c043834b471617d3b2a) Importer(815301076,1909f56bfc062723c751e8b465ee728b)  -> (artifact id: '913b8444e57cb077976ffb4baa9a41ce') in 0.326214 seconds 
  Import took 0.393415 seconds .

========================================================================
Received Import Request.
  Time since last request: 0.000463 seconds.
  path: Assets/Low_Poly_Mini_Village/Prefabs/Well1.prefab
  artifactKey: Guid(5e9761041a6b5b647a3b3b0d79c4ad68) Importer(815301076,1909f56bfc062723c751e8b465ee728b)
Start importing Assets/Low_Poly_Mini_Village/Prefabs/Well1.prefab using Guid(5e9761041a6b5b647a3b3b0d79c4ad68) Importer(815301076,1909f56bfc062723c751e8b465ee728b)  -> (artifact id: 'b6589e7e64f8e38d0d2a3512eaf7d0c8') in 0.415849 seconds 
  Import took 0.468910 seconds .

========================================================================
Received Import Request.
  Time since last request: 0.000454 seconds.
  path: Assets/Low_Poly_Mini_Village/Prefabs/Wc.prefab
  artifactKey: Guid(943133367053d9145a4401c02bf5f914) Importer(815301076,1909f56bfc062723c751e8b465ee728b)
Start importing Assets/Low_Poly_Mini_Village/Prefabs/Wc.prefab using Guid(943133367053d9145a4401c02bf5f914) Importer(815301076,1909f56bfc062723c751e8b465ee728b)  -> (artifact id: '39247a2e12245e8ab12901119e0797e5') in 0.637576 seconds 
  Import took 1.075957 seconds .

========================================================================
Received Import Request.
  Time since last request: 0.000561 seconds.
  path: Assets/Low_Poly_Mini_Village/Prefabs/Tree_4.prefab
  artifactKey: Guid(122cf8bf4f49e3842ae0fce025b4bd02) Importer(815301076,1909f56bfc062723c751e8b465ee728b)
Start importing Assets/Low_Poly_Mini_Village/Prefabs/Tree_4.prefab using Guid(122cf8bf4f49e3842ae0fce025b4bd02) Importer(815301076,1909f56bfc062723c751e8b465ee728b)  -> (artifact id: '286716e66aeea9e5c794f98ca7b7444f') in 0.421817 seconds 
  Import took 0.783803 seconds .

========================================================================
Received Import Request.
  Time since last request: 0.000445 seconds.
  path: Assets/Low_Poly_Mini_Village/Prefabs/Rock_2.prefab
  artifactKey: Guid(7bf62b0bc39558d48807aa176c485b64) Importer(815301076,1909f56bfc062723c751e8b465ee728b)
Start importing Assets/Low_Poly_Mini_Village/Prefabs/Rock_2.prefab using Guid(7bf62b0bc39558d48807aa176c485b64) Importer(815301076,1909f56bfc062723c751e8b465ee728b)  -> (artifact id: 'bc1819301c6dd0da980b886d42634e9a') in 0.361293 seconds 
  Import took 0.596288 seconds .

========================================================================
Received Import Request.
  Time since last request: 0.000564 seconds.
  path: Assets/Low_Poly_Mini_Village/Prefabs/Electric_cable.prefab
  artifactKey: Guid(0dbda4ea70ba28549b5c445249486cf5) Importer(815301076,1909f56bfc062723c751e8b465ee728b)
Start importing Assets/Low_Poly_Mini_Village/Prefabs/Electric_cable.prefab using Guid(0dbda4ea70ba28549b5c445249486cf5) Importer(815301076,1909f56bfc062723c751e8b465ee728b)  -> (artifact id: '489d1018389f36064ea2b39cee9d1751') in 0.500041 seconds 
  Import took 0.891457 seconds .

========================================================================
Received Import Request.
  Time since last request: 0.000419 seconds.
  path: Assets/Low_Poly_Mini_Village/Prefabs/Tree_2.prefab
  artifactKey: Guid(f371874061e9c874481abcdb897e9420) Importer(815301076,1909f56bfc062723c751e8b465ee728b)
Start importing Assets/Low_Poly_Mini_Village/Prefabs/Tree_2.prefab using Guid(f371874061e9c874481abcdb897e9420) Importer(815301076,1909f56bfc062723c751e8b465ee728b)  -> (artifact id: '20d30e13962b3cb7aa1eb760708d54d2') in 0.810982 seconds 
  Import took 0.878198 seconds .

========================================================================
Received Import Request.
  Time since last request: 0.000728 seconds.
  path: Assets/Low_Poly_Mini_Village/Prefabs/Wooden_barrel.prefab
  artifactKey: Guid(c230cf9ffea1ef74b9eca483ad69d225) Importer(815301076,1909f56bfc062723c751e8b465ee728b)
Start importing Assets/Low_Poly_Mini_Village/Prefabs/Wooden_barrel.prefab using Guid(c230cf9ffea1ef74b9eca483ad69d225) Importer(815301076,1909f56bfc062723c751e8b465ee728b)  -> (artifact id: 'd85b7ae062b71a85046972d6e16c1ba5') in 0.374677 seconds 
  Import took 0.427860 seconds .

========================================================================
Received Import Request.
  Time since last request: 0.000449 seconds.
  path: Assets/Low_Poly_Mini_Village/Prefabs/Grass_1.prefab
  artifactKey: Guid(f7155cb81768ed845bbaa6821ede4fe3) Importer(815301076,1909f56bfc062723c751e8b465ee728b)
Start importing Assets/Low_Poly_Mini_Village/Prefabs/Grass_1.prefab using Guid(f7155cb81768ed845bbaa6821ede4fe3) Importer(815301076,1909f56bfc062723c751e8b465ee728b)  -> (artifact id: 'ed076d449b7d52ac6df4144c8ee5f7b0') in 0.632819 seconds 
  Import took 0.850855 seconds .

========================================================================
Received Import Request.
  Time since last request: 0.000737 seconds.
  path: Assets/Low_Poly_Mini_Village/Prefabs/Church_1.prefab
  artifactKey: Guid(fec05b3694b2ffb4da8dc2a3fbcd8256) Importer(815301076,1909f56bfc062723c751e8b465ee728b)
Start importing Assets/Low_Poly_Mini_Village/Prefabs/Church_1.prefab using Guid(fec05b3694b2ffb4da8dc2a3fbcd8256) Importer(815301076,1909f56bfc062723c751e8b465ee728b)  -> (artifact id: '3dfd2c1a44b834b0581b5a4d983e55f1') in 0.236704 seconds 
  Import took 0.341941 seconds .

========================================================================
Received Import Request.
  Time since last request: 0.000494 seconds.
  path: Assets/Low_Poly_Mini_Village/Prefabs/Grass_2.prefab
  artifactKey: Guid(161c85f0af49e7b4dad7dd340e1e39fd) Importer(815301076,1909f56bfc062723c751e8b465ee728b)
Start importing Assets/Low_Poly_Mini_Village/Prefabs/Grass_2.prefab using Guid(161c85f0af49e7b4dad7dd340e1e39fd) Importer(815301076,1909f56bfc062723c751e8b465ee728b)  -> (artifact id: 'b704feb2f6c5cfc5d2492a3c2d1c7dae') in 0.360579 seconds 
  Import took 0.604412 seconds .

========================================================================
Received Import Request.
  Time since last request: 0.000447 seconds.
  path: Assets/Low_Poly_Mini_Village/Prefabs/Rock_3.prefab
  artifactKey: Guid(ffc545d554bc78c4f9ee506149e450b4) Importer(815301076,1909f56bfc062723c751e8b465ee728b)
Start importing Assets/Low_Poly_Mini_Village/Prefabs/Rock_3.prefab using Guid(ffc545d554bc78c4f9ee506149e450b4) Importer(815301076,1909f56bfc062723c751e8b465ee728b)  -> (artifact id: 'df6c24a4a47d26c31d57d60736275d4f') in 0.406510 seconds 
  Import took 0.491667 seconds .

========================================================================
Received Import Request.
  Time since last request: 0.017677 seconds.
  path: Assets/Low_Poly_Mini_Village/Prefabs/Rock_4.prefab
  artifactKey: Guid(750b7a6fa26e20c49b059fef9d453c45) Importer(815301076,1909f56bfc062723c751e8b465ee728b)
Start importing Assets/Low_Poly_Mini_Village/Prefabs/Rock_4.prefab using Guid(750b7a6fa26e20c49b059fef9d453c45) Importer(815301076,1909f56bfc062723c751e8b465ee728b)  -> (artifact id: '05d3bf35709f9e9f6dd12b54f48aa317') in 0.265317 seconds 
  Import took 0.356852 seconds .

========================================================================
Received Import Request.
  Time since last request: 0.000453 seconds.
  path: Assets/Low_Poly_Mini_Village/Prefabs/House_1.prefab
  artifactKey: Guid(2030e0fa2aadfed4b9f99149cab54c72) Importer(815301076,1909f56bfc062723c751e8b465ee728b)
Start importing Assets/Low_Poly_Mini_Village/Prefabs/House_1.prefab using Guid(2030e0fa2aadfed4b9f99149cab54c72) Importer(815301076,1909f56bfc062723c751e8b465ee728b)  -> (artifact id: '5df316ad1e92b6faea9455f7f3fef1a6') in 0.257159 seconds 
  Import took 0.299757 seconds .

========================================================================
Received Import Request.
  Time since last request: 0.000427 seconds.
  path: Assets/Low_Poly_Mini_Village/Prefabs/Caravan_1.prefab
  artifactKey: Guid(8e9164e00a4d5db48a745b14934ecaa9) Importer(815301076,1909f56bfc062723c751e8b465ee728b)
Start importing Assets/Low_Poly_Mini_Village/Prefabs/Caravan_1.prefab using Guid(8e9164e00a4d5db48a745b14934ecaa9) Importer(815301076,1909f56bfc062723c751e8b465ee728b)  -> (artifact id: 'b6013c17b78ee787894e46d9be250c1f') in 0.266189 seconds 
  Import took 0.283722 seconds .

========================================================================
Received Import Request.
  Time since last request: 0.000114 seconds.
  path: Assets/Low_Poly_Mini_Village/Prefabs/Rock_1.prefab
  artifactKey: Guid(3a0a30c4014e71342ae79edf0a0e737a) Importer(815301076,1909f56bfc062723c751e8b465ee728b)
Start importing Assets/Low_Poly_Mini_Village/Prefabs/Rock_1.prefab using Guid(3a0a30c4014e71342ae79edf0a0e737a) Importer(815301076,1909f56bfc062723c751e8b465ee728b)  -> (artifact id: '1b03dfdb30a9a333066b46843abf1ef5') in 0.116100 seconds 
  Import took 0.223996 seconds .

========================================================================
Received Import Request.
  Time since last request: 0.000416 seconds.
  path: Assets/Low_Poly_Mini_Village/Prefabs/Tree_3.prefab
  artifactKey: Guid(0e40fc051ed65994baf499c5b9715ce0) Importer(815301076,1909f56bfc062723c751e8b465ee728b)
Start importing Assets/Low_Poly_Mini_Village/Prefabs/Tree_3.prefab using Guid(0e40fc051ed65994baf499c5b9715ce0) Importer(815301076,1909f56bfc062723c751e8b465ee728b)  -> (artifact id: '0c3395414f56fe0097843c0380715745') in 0.251974 seconds 
  Import took 0.283948 seconds .

========================================================================
Received Prepare
Registering precompiled user dll's ...
Registered in 0.938895 seconds.
Begin MonoManager ReloadAssembly
Native extension for WindowsStandalone target not found
Refreshing native plugins compatible for Editor in 2.43 ms, found 2 plugins.
Preloading 0 native plugins for Editor in 0.00 ms.
Mono: successfully reloaded assembly
- Completed reload, in  8.256 seconds
Domain Reload Profiling:
	ReloadAssembly (8258ms)
		BeginReloadAssembly (474ms)
			ExecutionOrderSort (0ms)
			DisableScriptedObjects (11ms)
			BackupInstance (0ms)
			ReleaseScriptingObjects (36ms)
			CreateAndSetChildDomain (201ms)
		EndReloadAssembly (7631ms)
			LoadAssemblies (4739ms)
			RebuildTransferFunctionScriptingTraits (0ms)
			SetupTypeCache (995ms)
			ReleaseScriptCaches (4ms)
			RebuildScriptCaches (129ms)
			SetupLoadedEditorAssemblies (1327ms)
				LogAssemblyErrors (0ms)
				InitializePlatformSupportModulesInManaged (11ms)
				SetLoadedEditorAssemblies (1ms)
				RefreshPlugins (3ms)
				BeforeProcessingInitializeOnLoad (332ms)
				ProcessInitializeOnLoadAttributes (707ms)
				ProcessInitializeOnLoadMethodAttributes (260ms)
				AfterProcessingInitializeOnLoad (12ms)
				EditorAssembliesLoaded (1ms)
			ExecutionOrderSort2 (0ms)
			AwakeInstancesAfterBackupRestoration (18ms)
Platform modules already initialized, skipping
Refreshing native plugins compatible for Editor in 6.78 ms, found 2 plugins.
Preloading 0 native plugins for Editor in 0.00 ms.
Unloading 3369 Unused Serialized files (Serialized files now loaded: 0)
System memory in use before: 132.8 MB.
System memory in use after: 133.0 MB.

Unloading 52 unused Assets to reduce memory usage. Loaded Objects now: 3855.
Total: 38.782500 ms (FindLiveObjects: 16.118800 ms CreateObjectMapping: 1.652600 ms MarkObjects: 20.621900 ms  DeleteObjects: 0.384900 ms)

AssetImportParameters requested are different than current active one (requested -> active):
  custom:framework-win-MediaFoundation: 216162199b28c13a410421893ffa2e32 -> 
  custom:video-decoder-ogg-theora: a1e56fd34408186e4bbccfd4996cb3dc -> 
  custom:container-muxer-webm: aa71ff27fc2769a1b78a27578f13a17b -> 
  custom:container-demuxer-webm: 4f35f7cbe854078d1ac9338744f61a02 -> 
  custom:container-demuxer-ogg: 62fdf1f143b41e24485cea50d1cbac27 -> 
  custom:video-encoder-webm-vp8: eb34c28f22e8b96e1ab97ce403110664 -> 
  custom:video-decoder-webm-vp8: 9c59270c3fd7afecdb556c50c9e8de78 -> 
  custom:audio-decoder-ogg-vorbis: bf7c407c2cedff20999df2af8eb42d56 -> 
  custom:audio-encoder-webm-vorbis: bf7c407c2cedff20999df2af8eb42d56 -> 
========================================================================
Received Import Request.
  Time since last request: 660.750834 seconds.
  path: Assets/Resources/Player/758fb6d1fbf1109.mp3
  artifactKey: Guid(83f7fa8a9b7a4de4b859981100b73f79) Importer(815301076,1909f56bfc062723c751e8b465ee728b)
Start importing Assets/Resources/Player/758fb6d1fbf1109.mp3 using Guid(83f7fa8a9b7a4de4b859981100b73f79) Importer(815301076,1909f56bfc062723c751e8b465ee728b)  -> (artifact id: '0f27e1f68afcb5275ab604e10286ec03') in 1.431199 seconds 
  Import took 1.627030 seconds .

========================================================================
Received Import Request.
  Time since last request: 0.000581 seconds.
  path: Assets/Resources/Player
  artifactKey: Guid(9f8c4cfc2daa2854b8e142ac561f2f42) Importer(815301076,1909f56bfc062723c751e8b465ee728b)
Start importing Assets/Resources/Player using Guid(9f8c4cfc2daa2854b8e142ac561f2f42) Importer(815301076,1909f56bfc062723c751e8b465ee728b)  -> (artifact id: 'e07b4486a81aed5e9080d50ab4fadcfd') in 0.158958 seconds 
  Import took 0.230645 seconds .

========================================================================
Received Import Request.
  Time since last request: 3.692367 seconds.
  path: Assets/Resources/Player/404973-green_rubber_dog_chew_toy_-squeaker_-squeaky_-squeeze_-02.mp3
  artifactKey: Guid(f898823a9e5eab24e8c6966b6151eb17) Importer(815301076,1909f56bfc062723c751e8b465ee728b)
Start importing Assets/Resources/Player/404973-green_rubber_dog_chew_toy_-squeaker_-squeaky_-squeeze_-02.mp3 using Guid(f898823a9e5eab24e8c6966b6151eb17) Importer(815301076,1909f56bfc062723c751e8b465ee728b)  -> (artifact id: '9e803eb55bba6b80f5421b823d06f21e') in 0.185903 seconds 
  Import took 0.369384 seconds .

========================================================================
Received Import Request.
  Time since last request: 28.750835 seconds.
  path: Assets/Resources/Player/dog-toy-large-squeaker-pressed-and-let-go-hard.mp3
  artifactKey: Guid(63e09d60b99a8394b98a1f33c6a67bdc) Importer(815301076,1909f56bfc062723c751e8b465ee728b)
Start importing Assets/Resources/Player/dog-toy-large-squeaker-pressed-and-let-go-hard.mp3 using Guid(63e09d60b99a8394b98a1f33c6a67bdc) Importer(815301076,1909f56bfc062723c751e8b465ee728b)  -> (artifact id: '2683194fd54d3160f8d9f996d3efab9c') in 0.431305 seconds 
  Import took 0.537463 seconds .

========================================================================
Received Import Request.
  Time since last request: 241.602740 seconds.
  path: Assets/Resources/Player/Pl-Dam_1.mp3
  artifactKey: Guid(83f7fa8a9b7a4de4b859981100b73f79) Importer(815301076,1909f56bfc062723c751e8b465ee728b)
Start importing Assets/Resources/Player/Pl-Dam_1.mp3 using Guid(83f7fa8a9b7a4de4b859981100b73f79) Importer(815301076,1909f56bfc062723c751e8b465ee728b)  -> (artifact id: 'ef89bf908f3797d31060258dbabb7803') in 0.291442 seconds 
  Import took 0.340214 seconds .

========================================================================
Received Import Request.
  Time since last request: 8.945320 seconds.
  path: Assets/Resources/Player/Pl-Dam_2.mp3
  artifactKey: Guid(63e09d60b99a8394b98a1f33c6a67bdc) Importer(815301076,1909f56bfc062723c751e8b465ee728b)
Start importing Assets/Resources/Player/Pl-Dam_2.mp3 using Guid(63e09d60b99a8394b98a1f33c6a67bdc) Importer(815301076,1909f56bfc062723c751e8b465ee728b)  -> (artifact id: '9d63b4f2e428500f9fdb1a13959ea0af') in 0.237900 seconds 
  Import took 0.286971 seconds .

========================================================================
Received Import Request.
  Time since last request: 9.621716 seconds.
  path: Assets/Resources/Player/Pl-Dam_3.mp3
  artifactKey: Guid(f898823a9e5eab24e8c6966b6151eb17) Importer(815301076,1909f56bfc062723c751e8b465ee728b)
Start importing Assets/Resources/Player/Pl-Dam_3.mp3 using Guid(f898823a9e5eab24e8c6966b6151eb17) Importer(815301076,1909f56bfc062723c751e8b465ee728b)  -> (artifact id: '68ea99875be8f3f03c1959fa2b222864') in 0.219086 seconds 
  Import took 0.437293 seconds .

========================================================================
Received Prepare
Registering precompiled user dll's ...
Registered in 1.001466 seconds.
Begin MonoManager ReloadAssembly
Native extension for WindowsStandalone target not found
Refreshing native plugins compatible for Editor in 2.44 ms, found 2 plugins.
Preloading 0 native plugins for Editor in 0.00 ms.
Mono: successfully reloaded assembly
- Completed reload, in  5.424 seconds
Domain Reload Profiling:
	ReloadAssembly (5425ms)
		BeginReloadAssembly (598ms)
			ExecutionOrderSort (0ms)
			DisableScriptedObjects (14ms)
			BackupInstance (0ms)
			ReleaseScriptingObjects (1ms)
			CreateAndSetChildDomain (132ms)
		EndReloadAssembly (4405ms)
			LoadAssemblies (605ms)
			RebuildTransferFunctionScriptingTraits (0ms)
			SetupTypeCache (1623ms)
			ReleaseScriptCaches (3ms)
			RebuildScriptCaches (185ms)
			SetupLoadedEditorAssemblies (1487ms)
				LogAssemblyErrors (0ms)
				InitializePlatformSupportModulesInManaged (12ms)
				SetLoadedEditorAssemblies (1ms)
				RefreshPlugins (3ms)
				BeforeProcessingInitializeOnLoad (361ms)
				ProcessInitializeOnLoadAttributes (972ms)
				ProcessInitializeOnLoadMethodAttributes (126ms)
				AfterProcessingInitializeOnLoad (12ms)
				EditorAssembliesLoaded (1ms)
			ExecutionOrderSort2 (0ms)
			AwakeInstancesAfterBackupRestoration (20ms)
Platform modules already initialized, skipping
Refreshing native plugins compatible for Editor in 2.33 ms, found 2 plugins.
Preloading 0 native plugins for Editor in 0.00 ms.
Unloading 3369 Unused Serialized files (Serialized files now loaded: 0)
System memory in use before: 132.9 MB.
System memory in use after: 133.1 MB.

Unloading 52 unused Assets to reduce memory usage. Loaded Objects now: 3860.
Total: 16.612400 ms (FindLiveObjects: 0.750300 ms CreateObjectMapping: 0.545700 ms MarkObjects: 15.110400 ms  DeleteObjects: 0.202500 ms)

AssetImportParameters requested are different than current active one (requested -> active):
  custom:framework-win-MediaFoundation: 216162199b28c13a410421893ffa2e32 -> 
  custom:video-decoder-ogg-theora: a1e56fd34408186e4bbccfd4996cb3dc -> 
  custom:container-muxer-webm: aa71ff27fc2769a1b78a27578f13a17b -> 
  custom:container-demuxer-webm: 4f35f7cbe854078d1ac9338744f61a02 -> 
  custom:container-demuxer-ogg: 62fdf1f143b41e24485cea50d1cbac27 -> 
  custom:video-encoder-webm-vp8: eb34c28f22e8b96e1ab97ce403110664 -> 
  custom:video-decoder-webm-vp8: 9c59270c3fd7afecdb556c50c9e8de78 -> 
  custom:audio-decoder-ogg-vorbis: bf7c407c2cedff20999df2af8eb42d56 -> 
  custom:audio-encoder-webm-vorbis: bf7c407c2cedff20999df2af8eb42d56 -> 
========================================================================
Received Prepare
Registering precompiled user dll's ...
Registered in 0.070573 seconds.
Begin MonoManager ReloadAssembly
Native extension for WindowsStandalone target not found
Refreshing native plugins compatible for Editor in 2.15 ms, found 2 plugins.
Preloading 0 native plugins for Editor in 0.00 ms.
Mono: successfully reloaded assembly
- Completed reload, in  3.313 seconds
Domain Reload Profiling:
	ReloadAssembly (3315ms)
		BeginReloadAssembly (275ms)
			ExecutionOrderSort (0ms)
			DisableScriptedObjects (13ms)
			BackupInstance (0ms)
			ReleaseScriptingObjects (0ms)
			CreateAndSetChildDomain (83ms)
		EndReloadAssembly (2826ms)
			LoadAssemblies (393ms)
			RebuildTransferFunctionScriptingTraits (0ms)
			SetupTypeCache (895ms)
			ReleaseScriptCaches (3ms)
			RebuildScriptCaches (129ms)
			SetupLoadedEditorAssemblies (1126ms)
				LogAssemblyErrors (0ms)
				InitializePlatformSupportModulesInManaged (12ms)
				SetLoadedEditorAssemblies (1ms)
				RefreshPlugins (2ms)
				BeforeProcessingInitializeOnLoad (308ms)
				ProcessInitializeOnLoadAttributes (674ms)
				ProcessInitializeOnLoadMethodAttributes (117ms)
				AfterProcessingInitializeOnLoad (12ms)
				EditorAssembliesLoaded (1ms)
			ExecutionOrderSort2 (0ms)
			AwakeInstancesAfterBackupRestoration (18ms)
Platform modules already initialized, skipping
Refreshing native plugins compatible for Editor in 2.02 ms, found 2 plugins.
Preloading 0 native plugins for Editor in 0.00 ms.
Unloading 3369 Unused Serialized files (Serialized files now loaded: 0)
System memory in use before: 132.9 MB.
System memory in use after: 133.1 MB.

Unloading 52 unused Assets to reduce memory usage. Loaded Objects now: 3862.
Total: 17.599300 ms (FindLiveObjects: 0.577300 ms CreateObjectMapping: 0.615900 ms MarkObjects: 16.160100 ms  DeleteObjects: 0.242800 ms)

AssetImportParameters requested are different than current active one (requested -> active):
  custom:framework-win-MediaFoundation: 216162199b28c13a410421893ffa2e32 -> 
  custom:video-decoder-ogg-theora: a1e56fd34408186e4bbccfd4996cb3dc -> 
  custom:container-muxer-webm: aa71ff27fc2769a1b78a27578f13a17b -> 
  custom:container-demuxer-webm: 4f35f7cbe854078d1ac9338744f61a02 -> 
  custom:container-demuxer-ogg: 62fdf1f143b41e24485cea50d1cbac27 -> 
  custom:video-encoder-webm-vp8: eb34c28f22e8b96e1ab97ce403110664 -> 
  custom:video-decoder-webm-vp8: 9c59270c3fd7afecdb556c50c9e8de78 -> 
  custom:audio-decoder-ogg-vorbis: bf7c407c2cedff20999df2af8eb42d56 -> 
  custom:audio-encoder-webm-vorbis: bf7c407c2cedff20999df2af8eb42d56 -> 
========================================================================
Received Import Request.
  Time since last request: 605.287215 seconds.
  path: Assets/Resources/Player/Pl_Dam_1.mp3
  artifactKey: Guid(83f7fa8a9b7a4de4b859981100b73f79) Importer(815301076,1909f56bfc062723c751e8b465ee728b)
Start importing Assets/Resources/Player/Pl_Dam_1.mp3 using Guid(83f7fa8a9b7a4de4b859981100b73f79) Importer(815301076,1909f56bfc062723c751e8b465ee728b)  -> (artifact id: '547d71f39b718c13b6691af6e332aa19') in 0.499411 seconds 
  Import took 0.656215 seconds .

========================================================================
Received Import Request.
  Time since last request: 7.550098 seconds.
  path: Assets/Resources/Player/Pl_Dam_3.mp3
  artifactKey: Guid(f898823a9e5eab24e8c6966b6151eb17) Importer(815301076,1909f56bfc062723c751e8b465ee728b)
Start importing Assets/Resources/Player/Pl_Dam_3.mp3 using Guid(f898823a9e5eab24e8c6966b6151eb17) Importer(815301076,1909f56bfc062723c751e8b465ee728b)  -> (artifact id: 'e9d9898e0a339a12e3b4dfdfd93edd7a') in 0.195250 seconds 
  Import took 0.242240 seconds .

========================================================================
Received Import Request.
  Time since last request: 8.669945 seconds.
  path: Assets/Resources/Player/Pl_Dam_2.mp3
  artifactKey: Guid(63e09d60b99a8394b98a1f33c6a67bdc) Importer(815301076,1909f56bfc062723c751e8b465ee728b)
Start importing Assets/Resources/Player/Pl_Dam_2.mp3 using Guid(63e09d60b99a8394b98a1f33c6a67bdc) Importer(815301076,1909f56bfc062723c751e8b465ee728b)  -> (artifact id: '88aa7159a4f8dbc92023bd5c6ad0f5a5') in 0.150135 seconds 
  Import took 0.192601 seconds .

========================================================================
Received Prepare
Registering precompiled user dll's ...
Registered in 0.666688 seconds.
Begin MonoManager ReloadAssembly
Native extension for WindowsStandalone target not found
Refreshing native plugins compatible for Editor in 4.80 ms, found 2 plugins.
Preloading 0 native plugins for Editor in 0.00 ms.
Mono: successfully reloaded assembly
- Completed reload, in 77.984 seconds
Domain Reload Profiling:
	ReloadAssembly (81238ms)
		BeginReloadAssembly (62946ms)
			ExecutionOrderSort (8ms)
			DisableScriptedObjects (3249ms)
			BackupInstance (0ms)
			ReleaseScriptingObjects (134ms)
			CreateAndSetChildDomain (12703ms)
		EndReloadAssembly (12826ms)
			LoadAssemblies (9508ms)
			RebuildTransferFunctionScriptingTraits (60ms)
			SetupTypeCache (3673ms)
			ReleaseScriptCaches (75ms)
			RebuildScriptCaches (154ms)
			SetupLoadedEditorAssemblies (4610ms)
				LogAssemblyErrors (0ms)
				InitializePlatformSupportModulesInManaged (172ms)
				SetLoadedEditorAssemblies (19ms)
				RefreshPlugins (5ms)
				BeforeProcessingInitializeOnLoad (878ms)
				ProcessInitializeOnLoadAttributes (3177ms)
				ProcessInitializeOnLoadMethodAttributes (327ms)
				AfterProcessingInitializeOnLoad (14ms)
				EditorAssembliesLoaded (17ms)
			ExecutionOrderSort2 (0ms)
			AwakeInstancesAfterBackupRestoration (17ms)
Platform modules already initialized, skipping
Refreshing native plugins compatible for Editor in 13.09 ms, found 2 plugins.
Preloading 0 native plugins for Editor in 0.00 ms.
Unloading 3369 Unused Serialized files (Serialized files now loaded: 0)
System memory in use before: 132.9 MB.
System memory in use after: 133.1 MB.

Unloading 52 unused Assets to reduce memory usage. Loaded Objects now: 3865.
Total: 37.410100 ms (FindLiveObjects: 0.919800 ms CreateObjectMapping: 0.735400 ms MarkObjects: 29.605200 ms  DeleteObjects: 6.144800 ms)

AssetImportParameters requested are different than current active one (requested -> active):
  custom:framework-win-MediaFoundation: 216162199b28c13a410421893ffa2e32 -> 
  custom:video-decoder-ogg-theora: a1e56fd34408186e4bbccfd4996cb3dc -> 
  custom:container-muxer-webm: aa71ff27fc2769a1b78a27578f13a17b -> 
  custom:container-demuxer-webm: 4f35f7cbe854078d1ac9338744f61a02 -> 
  custom:container-demuxer-ogg: 62fdf1f143b41e24485cea50d1cbac27 -> 
  custom:video-encoder-webm-vp8: eb34c28f22e8b96e1ab97ce403110664 -> 
  custom:video-decoder-webm-vp8: 9c59270c3fd7afecdb556c50c9e8de78 -> 
  custom:audio-decoder-ogg-vorbis: bf7c407c2cedff20999df2af8eb42d56 -> 
  custom:audio-encoder-webm-vorbis: bf7c407c2cedff20999df2af8eb42d56 -> 
AssetImportWorkerClient::OnTransportError - code=2 error=End of file
