Using pre-set license
Built from '2020.3/staging' branch; Version is '2020.3.25f1 (9b9180224418) revision 10195328'; Using compiler version '192528614'; Build Type 'Release'
OS: 'Windows 10  (10.0.19044) 64bit Core' Language: 'ru' Physical Memory: 3943 MB
BatchMode: 1, IsHumanControllingUs: 0, StartBugReporterOnCrash: 0, Is64bit: 1, IsPro: 0

COMMAND LINE ARGUMENTS:
C:\Program Files\Unity 2020.3.25f1\Editor\Unity.exe
-adb2
-batchMode
-noUpm
-name
AssetImportWorker2
-projectPath
C:/Users/User/Documents/GitHub/ShootEm-Branch4
-logFile
Logs/AssetImportWorker2.log
-srvPort
54247
Successfully changed project path to: C:/Users/User/Documents/GitHub/ShootEm-Branch4
C:/Users/User/Documents/GitHub/ShootEm-Branch4
Using Asset Import Pipeline V2.
Refreshing native plugins compatible for Editor in 236.93 ms, found 2 plugins.
Preloading 0 native plugins for Editor in 0.00 ms.
Initialize engine version: 2020.3.25f1 (9b9180224418)
[Subsystems] Discovering subsystems at path C:/Program Files/Unity 2020.3.25f1/Editor/Data/Resources/UnitySubsystems
[Subsystems] Discovering subsystems at path C:/Users/User/Documents/GitHub/ShootEm-Branch4/Assets
GfxDevice: creating device client; threaded=0
Direct3D:
    Version:  Direct3D 11.0 [level 11.0]
    Renderer: Intel(R) HD Graphics (ID=0x156)
    Vendor:   
    VRAM:     128 MB
    Driver:   10.18.10.4252
Initialize mono
Mono path[0] = 'C:/Program Files/Unity 2020.3.25f1/Editor/Data/Managed'
Mono path[1] = 'C:/Program Files/Unity 2020.3.25f1/Editor/Data/MonoBleedingEdge/lib/mono/unityjit'
Mono config path = 'C:/Program Files/Unity 2020.3.25f1/Editor/Data/MonoBleedingEdge/etc'
Using monoOptions --debugger-agent=transport=dt_socket,embedding=1,server=y,suspend=n,address=127.0.0.1:56696
Begin MonoManager ReloadAssembly
Registering precompiled unity dll's ...
Register platform support module: C:/Program Files/Unity 2020.3.25f1/Editor/Data/PlaybackEngines/WindowsStandaloneSupport/UnityEditor.WindowsStandalone.Extensions.dll
Registered in 0.003327 seconds.
Native extension for WindowsStandalone target not found
Refreshing native plugins compatible for Editor in 216.87 ms, found 2 plugins.
Preloading 0 native plugins for Editor in 0.00 ms.
Mono: successfully reloaded assembly
- Completed reload, in  1.567 seconds
Domain Reload Profiling:
	ReloadAssembly (1568ms)
		BeginReloadAssembly (123ms)
			ExecutionOrderSort (0ms)
			DisableScriptedObjects (0ms)
			BackupInstance (0ms)
			ReleaseScriptingObjects (0ms)
			CreateAndSetChildDomain (2ms)
		EndReloadAssembly (1269ms)
			LoadAssemblies (119ms)
			RebuildTransferFunctionScriptingTraits (0ms)
			SetupTypeCache (392ms)
			ReleaseScriptCaches (0ms)
			RebuildScriptCaches (79ms)
			SetupLoadedEditorAssemblies (553ms)
				LogAssemblyErrors (0ms)
				InitializePlatformSupportModulesInManaged (11ms)
				SetLoadedEditorAssemblies (1ms)
				RefreshPlugins (217ms)
				BeforeProcessingInitializeOnLoad (32ms)
				ProcessInitializeOnLoadAttributes (220ms)
				ProcessInitializeOnLoadMethodAttributes (71ms)
				AfterProcessingInitializeOnLoad (0ms)
				EditorAssembliesLoaded (0ms)
			ExecutionOrderSort2 (0ms)
			AwakeInstancesAfterBackupRestoration (0ms)
Platform modules already initialized, skipping
Registering precompiled user dll's ...
Registered in 0.015451 seconds.
Begin MonoManager ReloadAssembly
Native extension for WindowsStandalone target not found
Refreshing native plugins compatible for Editor in 223.31 ms, found 2 plugins.
Preloading 0 native plugins for Editor in 0.00 ms.
Mono: successfully reloaded assembly
- Completed reload, in  6.304 seconds
Domain Reload Profiling:
	ReloadAssembly (6306ms)
		BeginReloadAssembly (341ms)
			ExecutionOrderSort (0ms)
			DisableScriptedObjects (13ms)
			BackupInstance (0ms)
			ReleaseScriptingObjects (0ms)
			CreateAndSetChildDomain (37ms)
		EndReloadAssembly (5816ms)
			LoadAssemblies (2691ms)
			RebuildTransferFunctionScriptingTraits (0ms)
			SetupTypeCache (876ms)
			ReleaseScriptCaches (1ms)
			RebuildScriptCaches (166ms)
			SetupLoadedEditorAssemblies (1769ms)
				LogAssemblyErrors (0ms)
				InitializePlatformSupportModulesInManaged (9ms)
				SetLoadedEditorAssemblies (1ms)
				RefreshPlugins (223ms)
				BeforeProcessingInitializeOnLoad (281ms)
				ProcessInitializeOnLoadAttributes (1033ms)
				ProcessInitializeOnLoadMethodAttributes (211ms)
				AfterProcessingInitializeOnLoad (11ms)
				EditorAssembliesLoaded (0ms)
			ExecutionOrderSort2 (0ms)
			AwakeInstancesAfterBackupRestoration (16ms)
Platform modules already initialized, skipping
========================================================================
Worker process is ready to serve import requests
Launched and connected shader compiler UnityShaderCompiler.exe after 0.15 seconds
Refreshing native plugins compatible for Editor in 1.94 ms, found 2 plugins.
Preloading 0 native plugins for Editor in 0.00 ms.
Unloading 4053 Unused Serialized files (Serialized files now loaded: 0)
System memory in use before: 241.4 MB.
System memory in use after: 241.6 MB.

Unloading 57 unused Assets to reduce memory usage. Loaded Objects now: 4472.
Total: 14.893000 ms (FindLiveObjects: 0.646300 ms CreateObjectMapping: 0.605000 ms MarkObjects: 13.352800 ms  DeleteObjects: 0.286200 ms)

AssetImportParameters requested are different than current active one (requested -> active):
  custom:framework-win-MediaFoundation: 216162199b28c13a410421893ffa2e32 -> 
  custom:video-decoder-ogg-theora: a1e56fd34408186e4bbccfd4996cb3dc -> 
  custom:container-muxer-webm: aa71ff27fc2769a1b78a27578f13a17b -> 
  custom:container-demuxer-webm: 4f35f7cbe854078d1ac9338744f61a02 -> 
  custom:container-demuxer-ogg: 62fdf1f143b41e24485cea50d1cbac27 -> 
  custom:video-encoder-webm-vp8: eb34c28f22e8b96e1ab97ce403110664 -> 
  custom:video-decoder-webm-vp8: 9c59270c3fd7afecdb556c50c9e8de78 -> 
  custom:audio-decoder-ogg-vorbis: bf7c407c2cedff20999df2af8eb42d56 -> 
  custom:audio-encoder-webm-vorbis: bf7c407c2cedff20999df2af8eb42d56 -> 
========================================================================
Received Import Request.
  path: Assets/Materials/snowhouse.mat
  artifactKey: Guid(f7c07a168b966784fae42f0ecb9bbfe9) Importer(815301076,1909f56bfc062723c751e8b465ee728b)
Start importing Assets/Materials/snowhouse.mat using Guid(f7c07a168b966784fae42f0ecb9bbfe9) Importer(815301076,1909f56bfc062723c751e8b465ee728b)  -> (artifact id: '65847bfd42c7b36c65db47d1f3b668f0') in 1.093322 seconds 
  Import took 1.105530 seconds .

========================================================================
Received Import Request.
  Time since last request: 0.000364 seconds.
  path: Assets/Materials/Standart 7.mat
  artifactKey: Guid(48c3c844e81f7e7408847f2135d0a7c8) Importer(815301076,1909f56bfc062723c751e8b465ee728b)
Start importing Assets/Materials/Standart 7.mat using Guid(48c3c844e81f7e7408847f2135d0a7c8) Importer(815301076,1909f56bfc062723c751e8b465ee728b)  -> (artifact id: 'd89706262d4321eea36507a2af0a9317') in 0.079483 seconds 
  Import took 0.111195 seconds .

========================================================================
Received Import Request.
  Time since last request: 0.000327 seconds.
  path: Assets/Materials/Standart 3.mat
  artifactKey: Guid(de1fd8fa78a798e4fa4d4190c3fc4423) Importer(815301076,1909f56bfc062723c751e8b465ee728b)
Start importing Assets/Materials/Standart 3.mat using Guid(de1fd8fa78a798e4fa4d4190c3fc4423) Importer(815301076,1909f56bfc062723c751e8b465ee728b)  -> (artifact id: 'ce19d6cc522cc406f1793516f859c74d') in 0.033825 seconds 
  Import took 0.045309 seconds .

========================================================================
Received Import Request.
  Time since last request: 0.000365 seconds.
  path: Assets/Materials/snow 1.mat
  artifactKey: Guid(4a861066e1b65ec488b1ea4ba1b06b2c) Importer(815301076,1909f56bfc062723c751e8b465ee728b)
Start importing Assets/Materials/snow 1.mat using Guid(4a861066e1b65ec488b1ea4ba1b06b2c) Importer(815301076,1909f56bfc062723c751e8b465ee728b)  -> (artifact id: '5fa63b2832be182a8c49ed0dc41416f8') in 0.216660 seconds 
  Import took 0.248241 seconds .

========================================================================
Received Import Request.
  Time since last request: 0.000364 seconds.
  path: Assets/Materials/imphez.mat
  artifactKey: Guid(db38bcc7b99057c4aaeab4e3a83dfd56) Importer(815301076,1909f56bfc062723c751e8b465ee728b)
Start importing Assets/Materials/imphez.mat using Guid(db38bcc7b99057c4aaeab4e3a83dfd56) Importer(815301076,1909f56bfc062723c751e8b465ee728b)  -> (artifact id: '0f36881575c1dc45660ad6429bb55097') in 0.028343 seconds 
  Import took 0.039683 seconds .

========================================================================
Received Import Request.
  Time since last request: 0.000354 seconds.
  path: Assets/Materials/Standart 5.mat
  artifactKey: Guid(8384896cd22ed1d44ad6c0bb9bb1e319) Importer(815301076,1909f56bfc062723c751e8b465ee728b)
Start importing Assets/Materials/Standart 5.mat using Guid(8384896cd22ed1d44ad6c0bb9bb1e319) Importer(815301076,1909f56bfc062723c751e8b465ee728b)  -> (artifact id: 'a4167ccc795e0f12da9d5893176b4de6') in 0.032192 seconds 
  Import took 0.078356 seconds .

========================================================================
Received Import Request.
  Time since last request: 0.000463 seconds.
  path: Assets/Materials/standart glass.mat
  artifactKey: Guid(6f5234d0f571a48428e3759ce2061716) Importer(815301076,1909f56bfc062723c751e8b465ee728b)
Start importing Assets/Materials/standart glass.mat using Guid(6f5234d0f571a48428e3759ce2061716) Importer(815301076,1909f56bfc062723c751e8b465ee728b)  -> (artifact id: '8f91bcf2cb41139c57ddd8d46f6029b2') in 0.117402 seconds 
  Import took 0.144021 seconds .

========================================================================
Received Import Request.
  Time since last request: 0.000335 seconds.
  path: Assets/Materials/Standart 6.mat
  artifactKey: Guid(c2d71289f1699454aa4ab8b589ced83b) Importer(815301076,1909f56bfc062723c751e8b465ee728b)
Start importing Assets/Materials/Standart 6.mat using Guid(c2d71289f1699454aa4ab8b589ced83b) Importer(815301076,1909f56bfc062723c751e8b465ee728b)  -> (artifact id: 'b51a762e60ca925c85253be7d4f25483') in 0.018225 seconds 
  Import took 0.042182 seconds .

========================================================================
Received Import Request.
  Time since last request: 0.000356 seconds.
  path: Assets/Materials/Standart 9.mat
  artifactKey: Guid(3a7bde6c71ea6d04793b3ff8ec10c82c) Importer(815301076,1909f56bfc062723c751e8b465ee728b)
Start importing Assets/Materials/Standart 9.mat using Guid(3a7bde6c71ea6d04793b3ff8ec10c82c) Importer(815301076,1909f56bfc062723c751e8b465ee728b)  -> (artifact id: 'c8b9afd55508d21d44765638bec91e27') in 0.035674 seconds 
  Import took 0.070293 seconds .

========================================================================
Received Import Request.
  Time since last request: 0.000425 seconds.
  path: Assets/Materials/Standart.mat
  artifactKey: Guid(2ac2e318c1398b748a3cfbf22f963867) Importer(815301076,1909f56bfc062723c751e8b465ee728b)
Start importing Assets/Materials/Standart.mat using Guid(2ac2e318c1398b748a3cfbf22f963867) Importer(815301076,1909f56bfc062723c751e8b465ee728b)  -> (artifact id: 'd0a9ab7412829900c48917d34b537279') in 0.048750 seconds 
  Import took 0.074572 seconds .

========================================================================
Received Import Request.
  Time since last request: 0.000331 seconds.
  path: Assets/Materials/Tile.mat
  artifactKey: Guid(058c7826d65e23d4da4d045508e687df) Importer(815301076,1909f56bfc062723c751e8b465ee728b)
Start importing Assets/Materials/Tile.mat using Guid(058c7826d65e23d4da4d045508e687df) Importer(815301076,1909f56bfc062723c751e8b465ee728b)  -> (artifact id: 'ff67d7b0086219c65d46451088049bc6') in 0.081798 seconds 
  Import took 0.129150 seconds .

========================================================================
Received Import Request.
  Time since last request: 0.000377 seconds.
  path: Assets/Materials/Standart 4.mat
  artifactKey: Guid(0d0049a3da1548342b370b4964d703f5) Importer(815301076,1909f56bfc062723c751e8b465ee728b)
Start importing Assets/Materials/Standart 4.mat using Guid(0d0049a3da1548342b370b4964d703f5) Importer(815301076,1909f56bfc062723c751e8b465ee728b)  -> (artifact id: '9b376e8ae491fa0e840cd6c4a8000cd2') in 0.033843 seconds 
  Import took 0.066000 seconds .

========================================================================
Received Import Request.
  Time since last request: 0.000344 seconds.
  path: Assets/Materials/Standart 1.mat
  artifactKey: Guid(424fa493e9acc5046b2a5ae4aa134215) Importer(815301076,1909f56bfc062723c751e8b465ee728b)
Start importing Assets/Materials/Standart 1.mat using Guid(424fa493e9acc5046b2a5ae4aa134215) Importer(815301076,1909f56bfc062723c751e8b465ee728b)  -> (artifact id: 'e1de48b1cb08da0ffc23284d701079aa') in 0.059833 seconds 
  Import took 0.081215 seconds .

========================================================================
Received Import Request.
  Time since last request: 0.000568 seconds.
  path: Assets/Materials/Standart 8.mat
  artifactKey: Guid(5094e28915be6f84fbc13617add9b5dc) Importer(815301076,1909f56bfc062723c751e8b465ee728b)
Start importing Assets/Materials/Standart 8.mat using Guid(5094e28915be6f84fbc13617add9b5dc) Importer(815301076,1909f56bfc062723c751e8b465ee728b)  -> (artifact id: 'e996ec09d367017f76a6cd492f70516f') in 0.032306 seconds 
  Import took 0.043681 seconds .

========================================================================
Received Import Request.
  Time since last request: 0.000330 seconds.
  path: Assets/Materials/standart glass 2.mat
  artifactKey: Guid(b11598e0383c67d48b5a013c7bc8e8f3) Importer(815301076,1909f56bfc062723c751e8b465ee728b)
Start importing Assets/Materials/standart glass 2.mat using Guid(b11598e0383c67d48b5a013c7bc8e8f3) Importer(815301076,1909f56bfc062723c751e8b465ee728b)  -> (artifact id: '6de3ebc1efc93f644b40098ee50d49bb') in 0.030100 seconds 
  Import took 0.071793 seconds .

========================================================================
Received Import Request.
  Time since last request: 0.000996 seconds.
  path: Assets/Materials/imphez 1.mat
  artifactKey: Guid(7d456546b823d9b478897ca84ae9607a) Importer(815301076,1909f56bfc062723c751e8b465ee728b)
Start importing Assets/Materials/imphez 1.mat using Guid(7d456546b823d9b478897ca84ae9607a) Importer(815301076,1909f56bfc062723c751e8b465ee728b)  -> (artifact id: '803be4980e5852665bca61d132c289cc') in 0.043347 seconds 
  Import took 0.084916 seconds .

========================================================================
Received Import Request.
  Time since last request: 0.000328 seconds.
  path: Assets/Materials/snowhouse 1.mat
  artifactKey: Guid(0e22a030532362f468d54d70897ccf01) Importer(815301076,1909f56bfc062723c751e8b465ee728b)
Start importing Assets/Materials/snowhouse 1.mat using Guid(0e22a030532362f468d54d70897ccf01) Importer(815301076,1909f56bfc062723c751e8b465ee728b)  -> (artifact id: 'd804e733ea96728dc34a0985847190f4') in 0.037497 seconds 
  Import took 0.073420 seconds .

========================================================================
Received Import Request.
  Time since last request: 0.003084 seconds.
  path: Assets/Materials/whiteSnow.mat
  artifactKey: Guid(98508fc8f52cff1418055168aba30249) Importer(815301076,1909f56bfc062723c751e8b465ee728b)
Start importing Assets/Materials/whiteSnow.mat using Guid(98508fc8f52cff1418055168aba30249) Importer(815301076,1909f56bfc062723c751e8b465ee728b)  -> (artifact id: 'e94944816ca3870ade13d27897456f47') in 0.464189 seconds 
  Import took 0.494530 seconds .

========================================================================
Received Import Request.
  Time since last request: 0.000372 seconds.
  path: Assets/Materials/snow sweet.mat
  artifactKey: Guid(a3afb58c8e5a8ed4eaf0ec87d78d3bd6) Importer(815301076,1909f56bfc062723c751e8b465ee728b)
Start importing Assets/Materials/snow sweet.mat using Guid(a3afb58c8e5a8ed4eaf0ec87d78d3bd6) Importer(815301076,1909f56bfc062723c751e8b465ee728b)  -> (artifact id: 'f1c90f9a3091ea53c19dc7790824c99e') in 0.043765 seconds 
  Import took 0.097864 seconds .

========================================================================
Received Import Request.
  Time since last request: 0.000721 seconds.
  path: Assets/Materials/snow.mat
  artifactKey: Guid(b6a3ba52e497c3149828b240e0074abf) Importer(815301076,1909f56bfc062723c751e8b465ee728b)
Start importing Assets/Materials/snow.mat using Guid(b6a3ba52e497c3149828b240e0074abf) Importer(815301076,1909f56bfc062723c751e8b465ee728b)  -> (artifact id: '073cbd4e910a881c97b65f2dc1e5f10c') in 0.066957 seconds 
  Import took 0.134428 seconds .

========================================================================
Received Import Request.
  Time since last request: 0.000363 seconds.
  path: Assets/Materials/imphez 3.mat
  artifactKey: Guid(25a75712e4acedc498d2a44d6d08b175) Importer(815301076,1909f56bfc062723c751e8b465ee728b)
Start importing Assets/Materials/imphez 3.mat using Guid(25a75712e4acedc498d2a44d6d08b175) Importer(815301076,1909f56bfc062723c751e8b465ee728b)  -> (artifact id: '855e7ba8a8bf81850d4c428948f9b15f') in 0.061719 seconds 
  Import took 0.074111 seconds .

========================================================================
Received Import Request.
  Time since last request: 0.000333 seconds.
  path: Assets/Materials/standart glass 1.mat
  artifactKey: Guid(5a0fd54663fc3104c93462b6ca6c2c9e) Importer(815301076,1909f56bfc062723c751e8b465ee728b)
Start importing Assets/Materials/standart glass 1.mat using Guid(5a0fd54663fc3104c93462b6ca6c2c9e) Importer(815301076,1909f56bfc062723c751e8b465ee728b)  -> (artifact id: 'c82abd48ce3a1da8d8423f06fade2486') in 0.032126 seconds 
  Import took 0.052137 seconds .

========================================================================
Received Import Request.
  Time since last request: 0.000321 seconds.
  path: Assets/Materials/Standart 2.mat
  artifactKey: Guid(395ae9360e192504c9dfdeba2a7154d9) Importer(815301076,1909f56bfc062723c751e8b465ee728b)
Start importing Assets/Materials/Standart 2.mat using Guid(395ae9360e192504c9dfdeba2a7154d9) Importer(815301076,1909f56bfc062723c751e8b465ee728b)  -> (artifact id: 'a4830bfdced95901ac5e1ccc9c53be29') in 0.028165 seconds 
  Import took 0.065884 seconds .

========================================================================
Received Import Request.
  Time since last request: 0.001304 seconds.
  path: Assets/Scenes/TestScene.unity
  artifactKey: Guid(9fc0d4010bbf28b4594072e72b8655ab) Importer(815301076,1909f56bfc062723c751e8b465ee728b)
Start importing Assets/Scenes/TestScene.unity using Guid(9fc0d4010bbf28b4594072e72b8655ab) Importer(815301076,1909f56bfc062723c751e8b465ee728b)  -> (artifact id: '140b6970f1ade76f22d5a50ffe8c2425') in 0.014625 seconds 
  Import took 0.048483 seconds .

========================================================================
Received Import Request.
  Time since last request: 0.000667 seconds.
  path: Assets/Materials/imphez 2.mat
  artifactKey: Guid(b7df2a46e9489ed44bc57c5dbe559775) Importer(815301076,1909f56bfc062723c751e8b465ee728b)
Start importing Assets/Materials/imphez 2.mat using Guid(b7df2a46e9489ed44bc57c5dbe559775) Importer(815301076,1909f56bfc062723c751e8b465ee728b)  -> (artifact id: '461996d0bd3dba77492edfcabb90cfca') in 0.037468 seconds 
  Import took 0.055303 seconds .

